2024-12-08 05:22:45,104 - IPHistoryAnalyzer - INFO - 初始化 IPHistoryAnalyzer:
2024-12-08 05:22:45,104 - IPHistoryAnalyzer - INFO -   结果目录: results
2024-12-08 05:22:45,104 - IPHistoryAnalyzer - INFO -   分析天数: 7
2024-12-08 05:22:45,104 - IPHistoryAnalyzer - INFO -   最小样本数: 5
2024-12-08 05:22:45,105 - IPHistoryAnalyzer - INFO - 加载了 8 个IP的历史记录
2024-12-08 19:18:26,665 - IPHistoryAnalyzer - INFO - 初始化 IPHistoryAnalyzer:
2024-12-08 19:18:26,665 - IPHistoryAnalyzer - INFO -   结果目录: results
2024-12-08 19:18:26,666 - IPHistoryAnalyzer - INFO -   分析天数: 7
2024-12-08 19:18:26,666 - IPHistoryAnalyzer - INFO -   最小样本数: 5
2024-12-08 19:18:26,666 - IPHistoryAnalyzer - INFO - 加载了 8 个IP的历史记录
2024-12-08 19:22:38,342 - IPHistoryAnalyzer - INFO - IP 104.16.183.244 TELECOM 线路得分计算:
2024-12-08 19:22:38,343 - IPHistoryAnalyzer - INFO -   延迟: 151.0ms
2024-12-08 19:22:38,343 - IPHistoryAnalyzer - INFO -   延迟得分: 6.622516556291391
2024-12-08 19:22:38,344 - IPHistoryAnalyzer - INFO -   稳定性加分: 1
2024-12-08 19:22:38,344 - IPHistoryAnalyzer - INFO -   最终得分: 7.622516556291391
2024-12-08 19:22:38,345 - IPHistoryAnalyzer - INFO - IP 104.18.74.47 TELECOM 线路得分计算:
2024-12-08 19:22:38,345 - IPHistoryAnalyzer - INFO -   延迟: 142.0ms
2024-12-08 19:22:38,346 - IPHistoryAnalyzer - INFO -   延迟得分: 7.042253521126761
2024-12-08 19:22:38,346 - IPHistoryAnalyzer - INFO -   稳定性加分: 1
2024-12-08 19:22:38,347 - IPHistoryAnalyzer - INFO -   最终得分: 8.04225352112676
2024-12-08 19:22:38,347 - IPHistoryAnalyzer - INFO - TELECOM 最终选择IP: ['104.18.74.47', '104.16.183.244']
2024-12-08 19:22:38,348 - IPHistoryAnalyzer - INFO - IP 104.16.183.244 UNICOM 线路得分计算:
2024-12-08 19:22:38,348 - IPHistoryAnalyzer - INFO -   延迟: 164.0ms
2024-12-08 19:22:38,348 - IPHistoryAnalyzer - INFO -   延迟得分: 6.097560975609756
2024-12-08 19:22:38,348 - IPHistoryAnalyzer - INFO -   稳定性加分: 1
2024-12-08 19:22:38,349 - IPHistoryAnalyzer - INFO -   最终得分: 7.097560975609756
2024-12-08 19:22:38,349 - IPHistoryAnalyzer - INFO - IP 104.18.74.47 UNICOM 线路得分计算:
2024-12-08 19:22:38,349 - IPHistoryAnalyzer - INFO -   延迟: 147.0ms
2024-12-08 19:22:38,349 - IPHistoryAnalyzer - INFO -   延迟得分: 6.802721088435374
2024-12-08 19:22:38,349 - IPHistoryAnalyzer - INFO -   稳定性加分: 1
2024-12-08 19:22:38,349 - IPHistoryAnalyzer - INFO -   最终得分: 7.802721088435374
2024-12-08 19:22:38,349 - IPHistoryAnalyzer - INFO - UNICOM 最终选择IP: ['104.18.74.47', '104.16.183.244']
2024-12-08 19:22:38,349 - IPHistoryAnalyzer - INFO - IP 104.17.197.0 没有历史记录
2024-12-08 19:22:38,349 - IPHistoryAnalyzer - INFO - IP 104.17.138.95 没有历史记录
2024-12-08 19:22:38,350 - IPHistoryAnalyzer - INFO - IP 104.19.156.61 OVERSEAS 线路得分计算:
2024-12-08 19:22:38,350 - IPHistoryAnalyzer - INFO -   延迟: 166.0ms
2024-12-08 19:22:38,350 - IPHistoryAnalyzer - INFO -   延迟得分: 6.024096385542169
2024-12-08 19:22:38,350 - IPHistoryAnalyzer - INFO -   稳定性加分: 1
2024-12-08 19:22:38,350 - IPHistoryAnalyzer - INFO -   最终得分: 7.024096385542169
2024-12-08 19:22:38,350 - IPHistoryAnalyzer - INFO - OVERSEAS 最终选择IP: ['104.19.156.61']
2024-12-08 19:22:38,350 - IPHistoryAnalyzer - INFO - IP 104.18.74.47 DEFAULT 线路得分计算:
2024-12-08 19:22:38,350 - IPHistoryAnalyzer - INFO -   延迟: 152.75ms
2024-12-08 19:22:38,351 - IPHistoryAnalyzer - INFO -   延迟得分: 6.546644844517185
2024-12-08 19:22:38,351 - IPHistoryAnalyzer - INFO -   稳定性加分: 1
2024-12-08 19:22:38,351 - IPHistoryAnalyzer - INFO -   最终得分: 7.546644844517185
2024-12-08 19:22:38,351 - IPHistoryAnalyzer - INFO - DEFAULT 最终选择IP: ['104.18.74.47', '104.18.184.71']
2024-12-08 19:31:04,631 - IPHistoryAnalyzer - INFO - 初始化 IPHistoryAnalyzer:
2024-12-08 19:31:04,631 - IPHistoryAnalyzer - INFO -   结果目录: results
2024-12-08 19:31:04,631 - IPHistoryAnalyzer - INFO -   分析天数: 7
2024-12-08 19:31:04,631 - IPHistoryAnalyzer - INFO -   最小样本数: 5
2024-12-08 19:31:04,632 - IPHistoryAnalyzer - INFO - 加载了 0 个IP的历史记录
2024-12-08 19:31:32,844 - IPHistoryAnalyzer - ERROR - 保存历史记录失败: 'IPHistoryAnalyzer' object has no attribute 'update_bad_ip'
2024-12-08 19:31:32,845 - IPHistoryAnalyzer - INFO - IP 104.16.183.244 没有历史记录
2024-12-08 19:31:32,845 - IPHistoryAnalyzer - INFO - IP 104.18.74.47 没有历史记录
2024-12-08 19:31:32,845 - IPHistoryAnalyzer - INFO - IP 104.16.183.244 没有历史记录
2024-12-08 19:31:32,845 - IPHistoryAnalyzer - INFO - IP 104.18.74.47 没有历史记录
2024-12-08 19:31:32,845 - IPHistoryAnalyzer - INFO - IP 104.19.156.61 没有历史记录
2024-12-08 19:31:32,845 - IPHistoryAnalyzer - INFO - IP 104.18.74.47 没有历史记录
2024-12-08 19:32:14,564 - IPHistoryAnalyzer - INFO - 初始化 IPHistoryAnalyzer:
2024-12-08 19:32:14,564 - IPHistoryAnalyzer - INFO -   结果目录: results
2024-12-08 19:32:14,564 - IPHistoryAnalyzer - INFO -   分析天数: 7
2024-12-08 19:32:14,564 - IPHistoryAnalyzer - INFO -   最小样本数: 5
2024-12-08 19:32:14,565 - IPHistoryAnalyzer - INFO - 加载了 0 个IP的历史记录
2024-12-08 19:32:42,736 - IPHistoryAnalyzer - ERROR - 保存历史记录失败: 'IPHistoryAnalyzer' object has no attribute 'update_bad_ip'
2024-12-08 19:49:52,621 - IPHistoryAnalyzer - INFO - 初始化 IPHistoryAnalyzer:
2024-12-08 19:49:52,622 - IPHistoryAnalyzer - INFO -   结果目录: results
2024-12-08 19:49:52,622 - IPHistoryAnalyzer - INFO -   分析天数: 7
2024-12-08 19:49:52,622 - IPHistoryAnalyzer - INFO -   最小样本数: 5
2024-12-08 19:49:52,622 - IPHistoryAnalyzer - INFO - 加载了 0 个IP的历史记录
2024-12-08 20:03:57,942 - IPHistoryAnalyzer - INFO - 初始化 IPHistoryAnalyzer:
2024-12-08 20:03:57,942 - IPHistoryAnalyzer - INFO -   结果目录: results
2024-12-08 20:03:57,942 - IPHistoryAnalyzer - INFO -   分析天数: 7
2024-12-08 20:03:57,942 - IPHistoryAnalyzer - INFO -   最小样本数: 5
2024-12-08 20:03:57,943 - IPHistoryAnalyzer - INFO - 加载了 2 个IP的历史记录
2024-12-08 20:16:03,890 - IPHistoryAnalyzer - INFO - 初始化 IPHistoryAnalyzer:
2024-12-08 20:16:03,890 - IPHistoryAnalyzer - INFO -   结果目录: results
2024-12-08 20:16:03,891 - IPHistoryAnalyzer - INFO -   分析天数: 7
2024-12-08 20:16:03,891 - IPHistoryAnalyzer - INFO -   最小样本数: 5
2024-12-08 20:16:03,891 - IPHistoryAnalyzer - INFO - 加载了 4 个IP的历史记录
2024-12-08 20:21:14,787 - IPHistoryAnalyzer - INFO - 初始化 IPHistoryAnalyzer:
2024-12-08 20:21:14,787 - IPHistoryAnalyzer - INFO -   结果目录: results
2024-12-08 20:21:14,787 - IPHistoryAnalyzer - INFO -   分析天数: 7
2024-12-08 20:21:14,787 - IPHistoryAnalyzer - INFO -   最小样本数: 5
2024-12-08 20:21:14,787 - IPHistoryAnalyzer - INFO - 加载了 6 个IP的历史记录
2024-12-08 21:02:49,550 - IPHistoryAnalyzer - INFO - 初始化 IPHistoryAnalyzer:
2024-12-08 21:02:49,551 - IPHistoryAnalyzer - INFO -   结果目录: results
2024-12-08 21:02:49,551 - IPHistoryAnalyzer - INFO -   分析天数: 7
2024-12-08 21:02:49,551 - IPHistoryAnalyzer - INFO -   最小样本数: 5
2024-12-08 21:02:49,551 - IPHistoryAnalyzer - INFO - 加载了 7 个IP的历史记录
2024-12-08 21:05:03,764 - IPHistoryAnalyzer - INFO - 初始化 IPHistoryAnalyzer:
2024-12-08 21:05:03,764 - IPHistoryAnalyzer - INFO -   结果目录: results
2024-12-08 21:05:03,764 - IPHistoryAnalyzer - INFO -   分析天数: 7
2024-12-08 21:05:03,764 - IPHistoryAnalyzer - INFO -   最小样本数: 5
2024-12-08 21:05:03,765 - IPHistoryAnalyzer - INFO - 加载了 7 个IP的历史记录
2024-12-08 21:07:50,985 - IPHistoryAnalyzer - ERROR - IP分析失败: slice indices must be integers or None or have an __index__ method
2024-12-08 21:08:43,279 - IPHistoryAnalyzer - INFO - 初始化 IPHistoryAnalyzer:
2024-12-08 21:08:43,279 - IPHistoryAnalyzer - INFO -   结果目录: results
2024-12-08 21:08:43,280 - IPHistoryAnalyzer - INFO -   分析天数: 7
2024-12-08 21:08:43,280 - IPHistoryAnalyzer - INFO -   最小样本数: 5
2024-12-08 21:08:43,280 - IPHistoryAnalyzer - INFO - 加载了 0 个IP的历史记录
2024-12-08 21:11:12,818 - IPHistoryAnalyzer - ERROR - IP分析失败: slice indices must be integers or None or have an __index__ method
2024-12-08 21:13:45,846 - IPHistoryAnalyzer - INFO - 初始化 IPHistoryAnalyzer:
2024-12-08 21:13:45,846 - IPHistoryAnalyzer - INFO -   结果目录: results
2024-12-08 21:13:45,847 - IPHistoryAnalyzer - INFO -   分析天数: 7
2024-12-08 21:13:45,847 - IPHistoryAnalyzer - INFO -   最小样本数: 5
2024-12-08 21:13:45,847 - IPHistoryAnalyzer - INFO - 加载了 1 个IP的历史记录
2024-12-08 21:18:51,787 - IPHistoryAnalyzer - INFO - 初始化 IPHistoryAnalyzer:
2024-12-08 21:18:51,788 - IPHistoryAnalyzer - INFO -   结果目录: results
2024-12-08 21:18:51,788 - IPHistoryAnalyzer - INFO -   分析天数: 7
2024-12-08 21:18:51,788 - IPHistoryAnalyzer - INFO -   最小样本数: 5
2024-12-08 21:18:51,788 - IPHistoryAnalyzer - INFO - 加载了 2 个IP的历史记录
2024-12-08 21:27:48,971 - IPHistoryAnalyzer - INFO - 初始化 IPHistoryAnalyzer:
2024-12-08 21:27:48,971 - IPHistoryAnalyzer - INFO -   结果目录: results
2024-12-08 21:27:48,972 - IPHistoryAnalyzer - INFO -   分析天数: 7
2024-12-08 21:27:48,972 - IPHistoryAnalyzer - INFO -   最小样本数: 5
2024-12-08 21:27:48,972 - IPHistoryAnalyzer - INFO - 加载了 3 个IP的历史记录
2024-12-08 21:29:57,882 - IPHistoryAnalyzer - INFO - 初始化 IPHistoryAnalyzer:
2024-12-08 21:29:57,883 - IPHistoryAnalyzer - INFO -   结果目录: results
2024-12-08 21:29:57,883 - IPHistoryAnalyzer - INFO -   分析天数: 7
2024-12-08 21:29:57,883 - IPHistoryAnalyzer - INFO -   最小样本数: 5
2024-12-08 21:29:57,883 - IPHistoryAnalyzer - INFO - 加载了 3 个IP的历史记录
2024-12-08 21:35:57,246 - IPHistoryAnalyzer - INFO - 初始化 IPHistoryAnalyzer:
2024-12-08 21:35:57,246 - IPHistoryAnalyzer - INFO -   结果目录: results
2024-12-08 21:35:57,246 - IPHistoryAnalyzer - INFO -   分析天数: 7
2024-12-08 21:35:57,246 - IPHistoryAnalyzer - INFO -   最小样本数: 5
2024-12-08 21:35:57,247 - IPHistoryAnalyzer - INFO - 加载了 4 个IP的历史记录
2024-12-08 21:43:46,146 - IPHistoryAnalyzer - INFO - 初始化 IPHistoryAnalyzer:
2024-12-08 21:43:46,146 - IPHistoryAnalyzer - INFO -   结果目录: results
2024-12-08 21:43:46,147 - IPHistoryAnalyzer - INFO -   分析天数: 7
2024-12-08 21:43:46,147 - IPHistoryAnalyzer - INFO -   最小样本数: 5
2024-12-08 21:43:46,147 - IPHistoryAnalyzer - INFO - 加载了 5 个IP的历史记录
2024-12-08 21:47:42,051 - IPHistoryAnalyzer - INFO - 初始化 IPHistoryAnalyzer:
2024-12-08 21:47:42,052 - IPHistoryAnalyzer - INFO -   结果目录: results
2024-12-08 21:47:42,052 - IPHistoryAnalyzer - INFO -   分析天数: 7
2024-12-08 21:47:42,052 - IPHistoryAnalyzer - INFO -   最小样本数: 5
2024-12-08 21:47:42,052 - IPHistoryAnalyzer - INFO - 加载了 6 个IP的历史记录
2024-12-08 21:53:57,183 - IPHistoryAnalyzer - INFO - 初始化 IPHistoryAnalyzer:
2024-12-08 21:53:57,183 - IPHistoryAnalyzer - INFO -   结果目录: results
2024-12-08 21:53:57,184 - IPHistoryAnalyzer - INFO -   分析天数: 7
2024-12-08 21:53:57,184 - IPHistoryAnalyzer - INFO -   最小样本数: 5
2024-12-08 21:53:57,184 - IPHistoryAnalyzer - INFO - 加载了 7 个IP的历史记录
2024-12-08 21:54:19,039 - IPHistoryAnalyzer - INFO - 初始化 IPHistoryAnalyzer:
2024-12-08 21:54:19,039 - IPHistoryAnalyzer - INFO -   结果目录: results
2024-12-08 21:54:19,039 - IPHistoryAnalyzer - INFO -   分析天数: 7
2024-12-08 21:54:19,039 - IPHistoryAnalyzer - INFO -   最小样本数: 5
2024-12-08 21:54:19,039 - IPHistoryAnalyzer - INFO - 加载了 8 个IP的历史记录
2024-12-08 21:54:34,245 - IPHistoryAnalyzer - INFO - 初始化 IPHistoryAnalyzer:
2024-12-08 21:54:34,245 - IPHistoryAnalyzer - INFO -   结果目录: results
2024-12-08 21:54:34,245 - IPHistoryAnalyzer - INFO -   分析天数: 7
2024-12-08 21:54:34,245 - IPHistoryAnalyzer - INFO -   最小样本数: 5
2024-12-08 21:54:34,246 - IPHistoryAnalyzer - INFO - 加载了 8 个IP的历史记录
2024-12-08 21:54:49,017 - IPHistoryAnalyzer - INFO - 初始化 IPHistoryAnalyzer:
2024-12-08 21:54:49,017 - IPHistoryAnalyzer - INFO -   结果目录: results
2024-12-08 21:54:49,017 - IPHistoryAnalyzer - INFO -   分析天数: 7
2024-12-08 21:54:49,017 - IPHistoryAnalyzer - INFO -   最小样本数: 5
2024-12-08 21:54:49,017 - IPHistoryAnalyzer - INFO - 加载了 8 个IP的历史记录
2024-12-08 21:54:54,585 - IPHistoryAnalyzer - INFO - 初始化 IPHistoryAnalyzer:
2024-12-08 21:54:54,585 - IPHistoryAnalyzer - INFO -   结果目录: results
2024-12-08 21:54:54,585 - IPHistoryAnalyzer - INFO -   分析天数: 7
2024-12-08 21:54:54,585 - IPHistoryAnalyzer - INFO -   最小样本数: 5
2024-12-08 21:54:54,586 - IPHistoryAnalyzer - INFO - 加载了 8 个IP的历史记录
2024-12-08 21:55:00,220 - IPHistoryAnalyzer - INFO - 初始化 IPHistoryAnalyzer:
2024-12-08 21:55:00,220 - IPHistoryAnalyzer - INFO -   结果目录: results
2024-12-08 21:55:00,220 - IPHistoryAnalyzer - INFO -   分析天数: 7
2024-12-08 21:55:00,220 - IPHistoryAnalyzer - INFO -   最小样本数: 5
2024-12-08 21:55:00,221 - IPHistoryAnalyzer - INFO - 加载了 8 个IP的历史记录
2024-12-08 21:55:07,965 - IPHistoryAnalyzer - INFO - 初始化 IPHistoryAnalyzer:
2024-12-08 21:55:07,966 - IPHistoryAnalyzer - INFO -   结果目录: results
2024-12-08 21:55:07,966 - IPHistoryAnalyzer - INFO -   分析天数: 7
2024-12-08 21:55:07,966 - IPHistoryAnalyzer - INFO -   最小样本数: 5
2024-12-08 21:55:07,966 - IPHistoryAnalyzer - INFO - 加载了 8 个IP的历史记录
2024-12-08 21:55:15,525 - IPHistoryAnalyzer - INFO - 初始化 IPHistoryAnalyzer:
2024-12-08 21:55:15,525 - IPHistoryAnalyzer - INFO -   结果目录: results
2024-12-08 21:55:15,525 - IPHistoryAnalyzer - INFO -   分析天数: 7
2024-12-08 21:55:15,525 - IPHistoryAnalyzer - INFO -   最小样本数: 5
2024-12-08 21:55:15,525 - IPHistoryAnalyzer - INFO - 加载了 8 个IP的历史记录
2024-12-08 21:55:23,074 - IPHistoryAnalyzer - INFO - 初始化 IPHistoryAnalyzer:
2024-12-08 21:55:23,074 - IPHistoryAnalyzer - INFO -   结果目录: results
2024-12-08 21:55:23,074 - IPHistoryAnalyzer - INFO -   分析天数: 7
2024-12-08 21:55:23,074 - IPHistoryAnalyzer - INFO -   最小样本数: 5
2024-12-08 21:55:23,074 - IPHistoryAnalyzer - INFO - 加载了 8 个IP的历史记录
2024-12-08 21:55:38,119 - IPHistoryAnalyzer - INFO - 初始化 IPHistoryAnalyzer:
2024-12-08 21:55:38,119 - IPHistoryAnalyzer - INFO -   结果目录: results
2024-12-08 21:55:38,120 - IPHistoryAnalyzer - INFO -   分析天数: 7
2024-12-08 21:55:38,120 - IPHistoryAnalyzer - INFO -   最小样本数: 5
2024-12-08 21:55:38,120 - IPHistoryAnalyzer - INFO - 加载了 8 个IP的历史记录
2024-12-08 21:58:27,603 - IPHistoryAnalyzer - INFO - 初始化 IPHistoryAnalyzer:
2024-12-08 21:58:27,603 - IPHistoryAnalyzer - INFO -   结果目录: results
2024-12-08 21:58:27,603 - IPHistoryAnalyzer - INFO -   分析天数: 7
2024-12-08 21:58:27,603 - IPHistoryAnalyzer - INFO -   最小样本数: 5
2024-12-08 21:58:27,603 - IPHistoryAnalyzer - INFO - 加载了 8 个IP的历史记录
2024-12-08 21:59:22,697 - IPHistoryAnalyzer - INFO - 初始化 IPHistoryAnalyzer:
2024-12-08 21:59:22,698 - IPHistoryAnalyzer - INFO -   结果目录: results
2024-12-08 21:59:22,698 - IPHistoryAnalyzer - INFO -   分析天数: 7
2024-12-08 21:59:22,698 - IPHistoryAnalyzer - INFO -   最小样本数: 5
2024-12-08 21:59:22,699 - IPHistoryAnalyzer - INFO - 加载了 8 个IP的历史记录
2024-12-08 22:01:45,412 - IPHistoryAnalyzer - INFO - 初始化 IPHistoryAnalyzer:
2024-12-08 22:01:45,413 - IPHistoryAnalyzer - INFO -   结果目录: results
2024-12-08 22:01:45,413 - IPHistoryAnalyzer - INFO -   分析天数: 7
2024-12-08 22:01:45,413 - IPHistoryAnalyzer - INFO -   最小样本数: 5
2024-12-08 22:01:45,413 - IPHistoryAnalyzer - INFO - 加载了 8 个IP的历史记录
2024-12-08 22:02:06,847 - IPHistoryAnalyzer - INFO - 初始化 IPHistoryAnalyzer:
2024-12-08 22:02:06,848 - IPHistoryAnalyzer - INFO -   结果目录: results
2024-12-08 22:02:06,848 - IPHistoryAnalyzer - INFO -   分析天数: 7
2024-12-08 22:02:06,848 - IPHistoryAnalyzer - INFO -   最小样本数: 5
2024-12-08 22:02:06,848 - IPHistoryAnalyzer - INFO - 加载了 8 个IP的历史记录
2024-12-08 22:06:56,690 - IPHistoryAnalyzer - INFO - 初始化 IPHistoryAnalyzer:
2024-12-08 22:06:56,691 - IPHistoryAnalyzer - INFO -   结果目录: results
2024-12-08 22:06:56,691 - IPHistoryAnalyzer - INFO -   分析天数: 7
2024-12-08 22:06:56,691 - IPHistoryAnalyzer - INFO -   最小样本数: 5
2024-12-08 22:06:56,691 - IPHistoryAnalyzer - INFO - 加载了 8 个IP的历史记录
2024-12-08 22:07:11,652 - IPHistoryAnalyzer - INFO - 初始化 IPHistoryAnalyzer:
2024-12-08 22:07:11,653 - IPHistoryAnalyzer - INFO -   结果目录: results
2024-12-08 22:07:11,653 - IPHistoryAnalyzer - INFO -   分析天数: 7
2024-12-08 22:07:11,653 - IPHistoryAnalyzer - INFO -   最小样本数: 5
2024-12-08 22:07:11,653 - IPHistoryAnalyzer - INFO - 加载了 8 个IP的历史记录
2024-12-08 22:10:14,343 - IPHistoryAnalyzer - INFO - 初始化 IPHistoryAnalyzer:
2024-12-08 22:10:14,344 - IPHistoryAnalyzer - INFO -   结果目录: results
2024-12-08 22:10:14,344 - IPHistoryAnalyzer - INFO -   分析天数: 7
2024-12-08 22:10:14,344 - IPHistoryAnalyzer - INFO -   最小样本数: 5
2024-12-08 22:10:14,344 - IPHistoryAnalyzer - INFO - 加载了 8 个IP的历史记录
2024-12-08 22:10:23,768 - IPHistoryAnalyzer - INFO - 初始化 IPHistoryAnalyzer:
2024-12-08 22:10:23,768 - IPHistoryAnalyzer - INFO -   结果目录: results
2024-12-08 22:10:23,768 - IPHistoryAnalyzer - INFO -   分析天数: 7
2024-12-08 22:10:23,768 - IPHistoryAnalyzer - INFO -   最小样本数: 5
2024-12-08 22:10:23,769 - IPHistoryAnalyzer - INFO - 加载了 8 个IP的历史记录
2024-12-08 22:12:16,854 - IPHistoryAnalyzer - INFO - 初始化 IPHistoryAnalyzer:
2024-12-08 22:12:16,854 - IPHistoryAnalyzer - INFO -   结果目录: results
2024-12-08 22:12:16,854 - IPHistoryAnalyzer - INFO -   分析天数: 7
2024-12-08 22:12:16,854 - IPHistoryAnalyzer - INFO -   最小样本数: 5
2024-12-08 22:12:16,855 - IPHistoryAnalyzer - INFO - 加载了 8 个IP的历史记录
2024-12-08 22:12:57,123 - IPHistoryAnalyzer - INFO - 初始化 IPHistoryAnalyzer:
2024-12-08 22:12:57,123 - IPHistoryAnalyzer - INFO -   结果目录: results
2024-12-08 22:12:57,123 - IPHistoryAnalyzer - INFO -   分析天数: 7
2024-12-08 22:12:57,123 - IPHistoryAnalyzer - INFO -   最小样本数: 5
2024-12-08 22:12:57,123 - IPHistoryAnalyzer - INFO - 加载了 8 个IP的历史记录
2024-12-08 22:15:03,363 - IPHistoryAnalyzer - INFO - 初始化 IPHistoryAnalyzer:
2024-12-08 22:15:03,363 - IPHistoryAnalyzer - INFO -   结果目录: results
2024-12-08 22:15:03,363 - IPHistoryAnalyzer - INFO -   分析天数: 7
2024-12-08 22:15:03,364 - IPHistoryAnalyzer - INFO -   最小样本数: 5
2024-12-08 22:15:03,364 - IPHistoryAnalyzer - INFO - 加载了 8 个IP的历史记录
2024-12-08 22:16:14,234 - IPHistoryAnalyzer - INFO - 初始化 IPHistoryAnalyzer:
2024-12-08 22:16:14,235 - IPHistoryAnalyzer - INFO -   结果目录: results
2024-12-08 22:16:14,235 - IPHistoryAnalyzer - INFO -   分析天数: 7
2024-12-08 22:16:14,235 - IPHistoryAnalyzer - INFO -   最小样本数: 5
2024-12-08 22:16:14,235 - IPHistoryAnalyzer - INFO - 加载了 8 个IP的历史记录
2024-12-08 22:21:15,054 - IPHistoryAnalyzer - INFO - 初始化 IPHistoryAnalyzer:
2024-12-08 22:21:15,054 - IPHistoryAnalyzer - INFO -   结果目录: results
2024-12-08 22:21:15,055 - IPHistoryAnalyzer - INFO -   分析天数: 7
2024-12-08 22:21:15,055 - IPHistoryAnalyzer - INFO -   最小样本数: 5
2024-12-08 22:21:15,055 - IPHistoryAnalyzer - INFO - 加载了 9 个IP的历史记录
2024-12-08 22:21:32,910 - IPHistoryAnalyzer - INFO - 初始化 IPHistoryAnalyzer:
2024-12-08 22:21:32,910 - IPHistoryAnalyzer - INFO -   结果目录: results
2024-12-08 22:21:32,911 - IPHistoryAnalyzer - INFO -   分析天数: 7
2024-12-08 22:21:32,911 - IPHistoryAnalyzer - INFO -   最小样本数: 5
2024-12-08 22:21:32,911 - IPHistoryAnalyzer - INFO - 加载了 9 个IP的历史记录
2024-12-08 22:25:55,053 - IPHistoryAnalyzer - INFO - 初始化 IPHistoryAnalyzer:
2024-12-08 22:25:55,054 - IPHistoryAnalyzer - INFO -   结果目录: results
2024-12-08 22:25:55,054 - IPHistoryAnalyzer - INFO -   分析天数: 7
2024-12-08 22:25:55,054 - IPHistoryAnalyzer - INFO -   最小样本数: 5
2024-12-08 22:25:55,054 - IPHistoryAnalyzer - INFO - 加载了 10 个IP的历史记录
2024-12-08 22:32:27,105 - IPHistoryAnalyzer - INFO - 初始化 IPHistoryAnalyzer:
2024-12-08 22:32:27,106 - IPHistoryAnalyzer - INFO -   结果目录: results
2024-12-08 22:32:27,106 - IPHistoryAnalyzer - INFO -   分析天数: 7
2024-12-08 22:32:27,106 - IPHistoryAnalyzer - INFO -   最小样本数: 5
2024-12-08 22:32:27,106 - IPHistoryAnalyzer - INFO - 加载了 11 个IP的历史记录
2024-12-08 22:41:31,876 - IPHistoryAnalyzer - INFO - TELECOM 最终选择IP: ['172.64.131.119']
2024-12-08 22:41:31,876 - IPHistoryAnalyzer - INFO - UNICOM 最终选择IP: ['172.64.131.119']
2024-12-08 22:41:31,877 - IPHistoryAnalyzer - INFO - MOBILE 最终选择IP: ['172.64.131.119']
2024-12-08 22:41:31,877 - IPHistoryAnalyzer - INFO - DEFAULT 最终选择IP: ['172.64.131.119']
