2024-12-07 15:25:21,772 - IPEvaluator - INFO - Evaluating 5 test results...
2024-12-07 15:25:21,773 - IPEvaluator - INFO - Evaluating IP: 104.18.209.74
2024-12-07 15:25:21,773 - IPEvaluator - INFO - TELECOM latency: 147.0ms, threshold: 150ms
2024-12-07 15:25:21,774 - IPEvaluator - INFO - Added to TELECOM evaluations
2024-12-07 15:25:21,775 - IPEvaluator - INFO - UNICOM latency: 261.0ms, threshold: 150ms
2024-12-07 15:25:21,775 - IPEvaluator - INFO - MOBILE latency: 183.0ms, threshold: 150ms
2024-12-07 15:25:21,776 - IPEvaluator - INFO - DEFAULT avg latency: 197.0ms, threshold: 450ms
2024-12-07 15:25:21,776 - IPEvaluator - INFO - Added to DEFAULT evaluations
2024-12-07 15:25:21,777 - IPEvaluator - INFO - Evaluating IP: 104.21.186.81
2024-12-07 15:25:21,777 - IPEvaluator - INFO - Evaluating IP: 104.24.121.233
2024-12-07 15:25:21,778 - IPEvaluator - INFO - Evaluating IP: 104.17.81.162
2024-12-07 15:25:21,778 - IPEvaluator - INFO - TELECOM latency: 207.0ms, threshold: 150ms
2024-12-07 15:25:21,779 - IPEvaluator - INFO - UNICOM latency: 177.0ms, threshold: 150ms
2024-12-07 15:25:21,780 - IPEvaluator - INFO - MOBILE latency: 184.0ms, threshold: 150ms
2024-12-07 15:25:21,781 - IPEvaluator - INFO - OVERSEAS latency: 337.0ms, threshold: 200ms
2024-12-07 15:25:21,781 - IPEvaluator - INFO - DEFAULT avg latency: 226.25ms, threshold: 450ms
2024-12-07 15:25:21,782 - IPEvaluator - INFO - Added to DEFAULT evaluations
2024-12-07 15:25:21,783 - IPEvaluator - INFO - Evaluating IP: 172.65.83.101
2024-12-07 15:25:21,783 - IPEvaluator - INFO - TELECOM latency: 186.0ms, threshold: 150ms
2024-12-07 15:25:21,784 - IPEvaluator - INFO - UNICOM latency: 246.0ms, threshold: 150ms
2024-12-07 15:25:21,785 - IPEvaluator - INFO - MOBILE latency: 166.0ms, threshold: 150ms
2024-12-07 15:25:21,785 - IPEvaluator - INFO - DEFAULT avg latency: 199.33333333333334ms, threshold: 450ms
2024-12-07 15:25:21,786 - IPEvaluator - INFO - Added to DEFAULT evaluations
2024-12-07 15:25:21,786 - IPEvaluator - INFO - TELECOM evaluations: 1 IPs
2024-12-07 15:25:21,787 - IPEvaluator - INFO - UNICOM evaluations: 0 IPs
2024-12-07 15:25:21,787 - IPEvaluator - INFO - MOBILE evaluations: 0 IPs
2024-12-07 15:25:21,788 - IPEvaluator - INFO - OVERSEAS evaluations: 0 IPs
2024-12-07 15:25:21,788 - IPEvaluator - INFO - DEFAULT evaluations: 3 IPs
2024-12-07 15:40:56,349 - IPEvaluator - INFO - Evaluating 5 test results...
2024-12-07 15:40:56,350 - IPEvaluator - INFO - Evaluating IP: 104.24.161.172
2024-12-07 15:40:56,350 - IPEvaluator - INFO - TELECOM latency: 261.0ms, threshold: 150ms
2024-12-07 15:40:56,350 - IPEvaluator - INFO - UNICOM latency: 307.0ms, threshold: 150ms
2024-12-07 15:40:56,350 - IPEvaluator - INFO - MOBILE latency: 170.0ms, threshold: 150ms
2024-12-07 15:40:56,350 - IPEvaluator - INFO - DEFAULT avg latency: 246.0ms, threshold: 450ms
2024-12-07 15:40:56,350 - IPEvaluator - INFO - Added to DEFAULT evaluations
2024-12-07 15:40:56,351 - IPEvaluator - INFO - Evaluating IP: 104.17.99.202
2024-12-07 15:40:56,351 - IPEvaluator - INFO - TELECOM latency: 346.0ms, threshold: 150ms
2024-12-07 15:40:56,351 - IPEvaluator - INFO - UNICOM latency: 225.0ms, threshold: 150ms
2024-12-07 15:40:56,351 - IPEvaluator - INFO - MOBILE latency: 146.0ms, threshold: 150ms
2024-12-07 15:40:56,351 - IPEvaluator - INFO - Added to MOBILE evaluations
2024-12-07 15:40:56,351 - IPEvaluator - INFO - DEFAULT avg latency: 239.0ms, threshold: 450ms
2024-12-07 15:40:56,352 - IPEvaluator - INFO - Added to DEFAULT evaluations
2024-12-07 15:40:56,352 - IPEvaluator - INFO - Evaluating IP: 104.22.6.106
2024-12-07 15:40:56,352 - IPEvaluator - INFO - TELECOM latency: 227.0ms, threshold: 150ms
2024-12-07 15:40:56,352 - IPEvaluator - INFO - UNICOM latency: 435.0ms, threshold: 150ms
2024-12-07 15:40:56,352 - IPEvaluator - INFO - MOBILE latency: 175.0ms, threshold: 150ms
2024-12-07 15:40:56,353 - IPEvaluator - INFO - OVERSEAS latency: 252.0ms, threshold: 200ms
2024-12-07 15:40:56,353 - IPEvaluator - INFO - DEFAULT avg latency: 272.25ms, threshold: 450ms
2024-12-07 15:40:56,353 - IPEvaluator - INFO - Added to DEFAULT evaluations
2024-12-07 15:40:56,353 - IPEvaluator - INFO - Evaluating IP: 104.21.170.157
2024-12-07 15:40:56,353 - IPEvaluator - INFO - Evaluating IP: 104.18.246.195
2024-12-07 15:40:56,353 - IPEvaluator - INFO - TELECOM latency: 337.0ms, threshold: 150ms
2024-12-07 15:40:56,354 - IPEvaluator - INFO - UNICOM latency: 191.0ms, threshold: 150ms
2024-12-07 15:40:56,354 - IPEvaluator - INFO - MOBILE latency: 211.0ms, threshold: 150ms
2024-12-07 15:40:56,354 - IPEvaluator - INFO - DEFAULT avg latency: 246.33333333333334ms, threshold: 450ms
2024-12-07 15:40:56,354 - IPEvaluator - INFO - Added to DEFAULT evaluations
2024-12-07 15:40:56,355 - IPEvaluator - INFO - TELECOM evaluations: 0 IPs
2024-12-07 15:40:56,355 - IPEvaluator - INFO - UNICOM evaluations: 0 IPs
2024-12-07 15:40:56,355 - IPEvaluator - INFO - MOBILE evaluations: 1 IPs
2024-12-07 15:40:56,355 - IPEvaluator - INFO - OVERSEAS evaluations: 0 IPs
2024-12-07 15:40:56,355 - IPEvaluator - INFO - DEFAULT evaluations: 4 IPs
2024-12-07 15:56:29,987 - IPEvaluator - INFO - Evaluating 5 test results...
2024-12-07 15:56:29,987 - IPEvaluator - INFO - Evaluating IP: 172.67.68.91
2024-12-07 15:56:29,987 - IPEvaluator - INFO - TELECOM latency: 240.0ms, threshold: 150ms
2024-12-07 15:56:29,988 - IPEvaluator - INFO - UNICOM latency: 116.0ms, threshold: 150ms
2024-12-07 15:56:29,988 - IPEvaluator - INFO - Added to UNICOM evaluations
2024-12-07 15:56:29,988 - IPEvaluator - INFO - MOBILE latency: 244.0ms, threshold: 150ms
2024-12-07 15:56:29,988 - IPEvaluator - INFO - OVERSEAS latency: 257.0ms, threshold: 200ms
2024-12-07 15:56:29,988 - IPEvaluator - INFO - DEFAULT avg latency: 214.25ms, threshold: 450ms
2024-12-07 15:56:29,989 - IPEvaluator - INFO - Added to DEFAULT evaluations
2024-12-07 15:56:29,989 - IPEvaluator - INFO - Evaluating IP: 172.64.68.171
2024-12-07 15:56:29,989 - IPEvaluator - INFO - TELECOM latency: 405.0ms, threshold: 150ms
2024-12-07 15:56:29,989 - IPEvaluator - INFO - UNICOM latency: 162.0ms, threshold: 150ms
2024-12-07 15:56:29,989 - IPEvaluator - INFO - OVERSEAS latency: 163.0ms, threshold: 200ms
2024-12-07 15:56:29,989 - IPEvaluator - INFO - Added to OVERSEAS evaluations
2024-12-07 15:56:29,990 - IPEvaluator - INFO - DEFAULT avg latency: 243.33333333333334ms, threshold: 450ms
2024-12-07 15:56:29,990 - IPEvaluator - INFO - Added to DEFAULT evaluations
2024-12-07 15:56:29,990 - IPEvaluator - INFO - Evaluating IP: 104.22.59.119
2024-12-07 15:56:29,990 - IPEvaluator - INFO - TELECOM latency: 222.0ms, threshold: 150ms
2024-12-07 15:56:29,990 - IPEvaluator - INFO - UNICOM latency: 166.0ms, threshold: 150ms
2024-12-07 15:56:29,991 - IPEvaluator - INFO - MOBILE latency: 247.0ms, threshold: 150ms
2024-12-07 15:56:29,991 - IPEvaluator - INFO - DEFAULT avg latency: 211.66666666666666ms, threshold: 450ms
2024-12-07 15:56:29,991 - IPEvaluator - INFO - Added to DEFAULT evaluations
2024-12-07 15:56:29,991 - IPEvaluator - INFO - Evaluating IP: 104.17.254.180
2024-12-07 15:56:29,991 - IPEvaluator - INFO - TELECOM latency: 141.0ms, threshold: 150ms
2024-12-07 15:56:29,991 - IPEvaluator - INFO - Added to TELECOM evaluations
2024-12-07 15:56:29,992 - IPEvaluator - INFO - UNICOM latency: 275.0ms, threshold: 150ms
2024-12-07 15:56:29,992 - IPEvaluator - INFO - MOBILE latency: 168.0ms, threshold: 150ms
2024-12-07 15:56:29,993 - IPEvaluator - INFO - OVERSEAS latency: 355.0ms, threshold: 200ms
2024-12-07 15:56:29,993 - IPEvaluator - INFO - DEFAULT avg latency: 234.75ms, threshold: 450ms
2024-12-07 15:56:29,993 - IPEvaluator - INFO - Added to DEFAULT evaluations
2024-12-07 15:56:29,993 - IPEvaluator - INFO - Evaluating IP: 172.64.140.239
2024-12-07 15:56:29,993 - IPEvaluator - INFO - TELECOM evaluations: 1 IPs
2024-12-07 15:56:29,993 - IPEvaluator - INFO - UNICOM evaluations: 1 IPs
2024-12-07 15:56:29,994 - IPEvaluator - INFO - MOBILE evaluations: 0 IPs
2024-12-07 15:56:29,994 - IPEvaluator - INFO - OVERSEAS evaluations: 1 IPs
2024-12-07 15:56:29,994 - IPEvaluator - INFO - DEFAULT evaluations: 4 IPs
2024-12-07 17:04:45,811 - IPEvaluator - INFO - Evaluating 5 test results...
2024-12-07 17:04:45,812 - IPEvaluator - INFO - Evaluating IP: 104.19.185.146
2024-12-07 17:04:45,812 - IPEvaluator - INFO - TELECOM latency: 146.0ms, threshold: 150ms
2024-12-07 17:04:45,812 - IPEvaluator - INFO - Added to TELECOM evaluations
2024-12-07 17:04:45,813 - IPEvaluator - INFO - UNICOM latency: 160.0ms, threshold: 150ms
2024-12-07 17:04:45,813 - IPEvaluator - INFO - MOBILE latency: 176.0ms, threshold: 150ms
2024-12-07 17:04:45,814 - IPEvaluator - INFO - DEFAULT avg latency: 160.66666666666666ms, threshold: 450ms
2024-12-07 17:04:45,814 - IPEvaluator - INFO - Added to DEFAULT evaluations
2024-12-07 17:04:45,815 - IPEvaluator - INFO - Evaluating IP: 172.67.9.107
2024-12-07 17:04:45,815 - IPEvaluator - INFO - TELECOM latency: 266.0ms, threshold: 150ms
2024-12-07 17:04:45,816 - IPEvaluator - INFO - UNICOM latency: 164.0ms, threshold: 150ms
2024-12-07 17:04:45,818 - IPEvaluator - INFO - MOBILE latency: 231.0ms, threshold: 150ms
2024-12-07 17:04:45,818 - IPEvaluator - INFO - OVERSEAS latency: 241.0ms, threshold: 200ms
2024-12-07 17:04:45,819 - IPEvaluator - INFO - DEFAULT avg latency: 225.5ms, threshold: 450ms
2024-12-07 17:04:45,819 - IPEvaluator - INFO - Added to DEFAULT evaluations
2024-12-07 17:04:45,819 - IPEvaluator - INFO - Evaluating IP: 172.65.159.82
2024-12-07 17:04:45,820 - IPEvaluator - INFO - TELECOM latency: 240.0ms, threshold: 150ms
2024-12-07 17:04:45,820 - IPEvaluator - INFO - UNICOM latency: 194.0ms, threshold: 150ms
2024-12-07 17:04:45,820 - IPEvaluator - INFO - MOBILE latency: 188.0ms, threshold: 150ms
2024-12-07 17:04:45,821 - IPEvaluator - INFO - OVERSEAS latency: 228.0ms, threshold: 200ms
2024-12-07 17:04:45,821 - IPEvaluator - INFO - DEFAULT avg latency: 212.5ms, threshold: 450ms
2024-12-07 17:04:45,823 - IPEvaluator - INFO - Added to DEFAULT evaluations
2024-12-07 17:04:45,823 - IPEvaluator - INFO - Evaluating IP: 104.20.194.227
2024-12-07 17:04:45,824 - IPEvaluator - INFO - TELECOM latency: 235.0ms, threshold: 150ms
2024-12-07 17:04:45,824 - IPEvaluator - INFO - UNICOM latency: 176.0ms, threshold: 150ms
2024-12-07 17:04:45,825 - IPEvaluator - INFO - MOBILE latency: 193.0ms, threshold: 150ms
2024-12-07 17:04:45,825 - IPEvaluator - INFO - DEFAULT avg latency: 201.33333333333334ms, threshold: 450ms
2024-12-07 17:04:45,826 - IPEvaluator - INFO - Added to DEFAULT evaluations
2024-12-07 17:04:45,826 - IPEvaluator - INFO - Evaluating IP: 172.64.210.66
2024-12-07 17:04:45,827 - IPEvaluator - INFO - TELECOM evaluations: 1 IPs
2024-12-07 17:04:45,828 - IPEvaluator - INFO - UNICOM evaluations: 0 IPs
2024-12-07 17:04:45,828 - IPEvaluator - INFO - MOBILE evaluations: 0 IPs
2024-12-07 17:04:45,829 - IPEvaluator - INFO - OVERSEAS evaluations: 0 IPs
2024-12-07 17:04:45,829 - IPEvaluator - INFO - DEFAULT evaluations: 4 IPs
2024-12-07 17:24:34,923 - IPEvaluator - INFO - Evaluating 5 test results...
2024-12-07 17:24:34,923 - IPEvaluator - INFO - Evaluating IP: 104.18.65.79
2024-12-07 17:24:34,923 - IPEvaluator - INFO - Evaluating IP: 104.21.27.254
2024-12-07 17:24:34,923 - IPEvaluator - INFO - Evaluating IP: 172.64.67.87
2024-12-07 17:24:34,924 - IPEvaluator - INFO - Evaluating IP: 104.19.11.244
2024-12-07 17:24:34,924 - IPEvaluator - INFO - Evaluating IP: 104.18.202.31
2024-12-07 17:24:34,924 - IPEvaluator - INFO - TELECOM evaluations: 0 IPs
2024-12-07 17:24:34,924 - IPEvaluator - INFO - UNICOM evaluations: 0 IPs
2024-12-07 17:24:34,924 - IPEvaluator - INFO - MOBILE evaluations: 0 IPs
2024-12-07 17:24:34,924 - IPEvaluator - INFO - OVERSEAS evaluations: 0 IPs
2024-12-07 17:24:34,925 - IPEvaluator - INFO - DEFAULT evaluations: 0 IPs
2024-12-07 17:29:40,893 - IPEvaluator - INFO - Evaluating 5 test results...
2024-12-07 17:29:40,893 - IPEvaluator - INFO - Evaluating IP: 104.24.12.128
2024-12-07 17:29:40,894 - IPEvaluator - INFO - Evaluating IP: 104.24.192.74
2024-12-07 17:29:40,894 - IPEvaluator - INFO - Evaluating IP: 104.20.177.200
2024-12-07 17:29:40,894 - IPEvaluator - INFO - Evaluating IP: 172.67.51.187
2024-12-07 17:29:40,894 - IPEvaluator - INFO - Evaluating IP: 104.18.89.83
2024-12-07 17:29:40,894 - IPEvaluator - INFO - TELECOM evaluations: 0 IPs
2024-12-07 17:29:40,894 - IPEvaluator - INFO - UNICOM evaluations: 0 IPs
2024-12-07 17:29:40,894 - IPEvaluator - INFO - MOBILE evaluations: 0 IPs
2024-12-07 17:29:40,894 - IPEvaluator - INFO - OVERSEAS evaluations: 0 IPs
2024-12-07 17:29:40,895 - IPEvaluator - INFO - DEFAULT evaluations: 0 IPs
2024-12-07 17:36:04,663 - IPEvaluator - INFO - Evaluating 5 test results...
2024-12-07 17:36:04,663 - IPEvaluator - INFO - Evaluating IP: 104.21.38.156
2024-12-07 17:36:04,663 - IPEvaluator - INFO - Evaluating IP: 172.65.87.239
2024-12-07 17:36:04,664 - IPEvaluator - INFO - Evaluating IP: 104.18.37.187
2024-12-07 17:36:04,664 - IPEvaluator - INFO - Evaluating IP: 104.20.89.109
2024-12-07 17:36:04,664 - IPEvaluator - INFO - Evaluating IP: 104.18.37.144
2024-12-07 17:36:04,664 - IPEvaluator - INFO - TELECOM evaluations: 0 IPs
2024-12-07 17:36:04,664 - IPEvaluator - INFO - UNICOM evaluations: 0 IPs
2024-12-07 17:36:04,664 - IPEvaluator - INFO - MOBILE evaluations: 0 IPs
2024-12-07 17:36:04,664 - IPEvaluator - INFO - OVERSEAS evaluations: 0 IPs
2024-12-07 17:36:04,664 - IPEvaluator - INFO - DEFAULT evaluations: 0 IPs
2024-12-07 17:56:05,537 - IPEvaluator - INFO - Evaluating 5 test results...
2024-12-07 17:56:05,537 - IPEvaluator - INFO - Evaluating IP: 104.17.226.141
2024-12-07 17:56:05,537 - IPEvaluator - INFO - Evaluating IP: 104.27.68.141
2024-12-07 17:56:05,537 - IPEvaluator - INFO - Evaluating IP: 104.25.140.178
2024-12-07 17:56:05,538 - IPEvaluator - INFO - Evaluating IP: 104.27.185.118
2024-12-07 17:56:05,538 - IPEvaluator - INFO - Evaluating IP: 104.20.104.169
2024-12-07 17:56:05,538 - IPEvaluator - INFO - TELECOM evaluations: 0 IPs
2024-12-07 17:56:05,538 - IPEvaluator - INFO - UNICOM evaluations: 0 IPs
2024-12-07 17:56:05,538 - IPEvaluator - INFO - MOBILE evaluations: 0 IPs
2024-12-07 17:56:05,539 - IPEvaluator - INFO - OVERSEAS evaluations: 0 IPs
2024-12-07 17:56:05,539 - IPEvaluator - INFO - DEFAULT evaluations: 0 IPs
2024-12-07 19:47:50,657 - IPEvaluator - INFO - Evaluating 5 test results...
2024-12-07 19:47:50,657 - IPEvaluator - INFO - Evaluating IP: 172.65.105.205
2024-12-07 19:47:50,657 - IPEvaluator - INFO - TELECOM latency: 219.0ms, threshold: 150ms
2024-12-07 19:47:50,657 - IPEvaluator - INFO - UNICOM latency: 185.0ms, threshold: 150ms
2024-12-07 19:47:50,658 - IPEvaluator - INFO - MOBILE latency: 186.0ms, threshold: 150ms
2024-12-07 19:47:50,658 - IPEvaluator - INFO - DEFAULT avg latency: 196.66666666666666ms, threshold: 450ms
2024-12-07 19:47:50,658 - IPEvaluator - INFO - Added to DEFAULT evaluations
2024-12-07 19:47:50,658 - IPEvaluator - INFO - Evaluating IP: 104.17.175.116
2024-12-07 19:47:50,658 - IPEvaluator - INFO - TELECOM latency: 158.0ms, threshold: 150ms
2024-12-07 19:47:50,659 - IPEvaluator - INFO - UNICOM latency: 150.0ms, threshold: 150ms
2024-12-07 19:47:50,659 - IPEvaluator - INFO - MOBILE latency: 40.0ms, threshold: 150ms
2024-12-07 19:47:50,659 - IPEvaluator - INFO - Added to MOBILE evaluations
2024-12-07 19:47:50,659 - IPEvaluator - INFO - OVERSEAS latency: 148.0ms, threshold: 200ms
2024-12-07 19:47:50,659 - IPEvaluator - INFO - Added to OVERSEAS evaluations
2024-12-07 19:47:50,659 - IPEvaluator - INFO - DEFAULT avg latency: 124.0ms, threshold: 450ms
2024-12-07 19:47:50,660 - IPEvaluator - INFO - Added to DEFAULT evaluations
2024-12-07 19:47:50,660 - IPEvaluator - INFO - Evaluating IP: 172.67.189.130
2024-12-07 19:47:50,660 - IPEvaluator - INFO - TELECOM latency: 206.0ms, threshold: 150ms
2024-12-07 19:47:50,660 - IPEvaluator - INFO - UNICOM latency: 181.0ms, threshold: 150ms
2024-12-07 19:47:50,660 - IPEvaluator - INFO - MOBILE latency: 172.0ms, threshold: 150ms
2024-12-07 19:47:50,660 - IPEvaluator - INFO - OVERSEAS latency: 199.0ms, threshold: 200ms
2024-12-07 19:47:50,661 - IPEvaluator - INFO - Added to OVERSEAS evaluations
2024-12-07 19:47:50,661 - IPEvaluator - INFO - DEFAULT avg latency: 189.5ms, threshold: 450ms
2024-12-07 19:47:50,661 - IPEvaluator - INFO - Added to DEFAULT evaluations
2024-12-07 19:47:50,661 - IPEvaluator - INFO - Evaluating IP: 172.67.217.211
2024-12-07 19:47:50,661 - IPEvaluator - INFO - TELECOM latency: 197.0ms, threshold: 150ms
2024-12-07 19:47:50,661 - IPEvaluator - INFO - UNICOM latency: 168.0ms, threshold: 150ms
2024-12-07 19:47:50,661 - IPEvaluator - INFO - MOBILE latency: 190.0ms, threshold: 150ms
2024-12-07 19:47:50,661 - IPEvaluator - INFO - DEFAULT avg latency: 185.0ms, threshold: 450ms
2024-12-07 19:47:50,662 - IPEvaluator - INFO - Added to DEFAULT evaluations
2024-12-07 19:47:50,662 - IPEvaluator - INFO - Evaluating IP: 104.27.2.94
2024-12-07 19:47:50,662 - IPEvaluator - INFO - TELECOM latency: 224.0ms, threshold: 150ms
2024-12-07 19:47:50,662 - IPEvaluator - INFO - UNICOM latency: 188.0ms, threshold: 150ms
2024-12-07 19:47:50,662 - IPEvaluator - INFO - MOBILE latency: 192.0ms, threshold: 150ms
2024-12-07 19:47:50,662 - IPEvaluator - INFO - OVERSEAS latency: 186.0ms, threshold: 200ms
2024-12-07 19:47:50,662 - IPEvaluator - INFO - Added to OVERSEAS evaluations
2024-12-07 19:47:50,662 - IPEvaluator - INFO - DEFAULT avg latency: 197.5ms, threshold: 450ms
2024-12-07 19:47:50,663 - IPEvaluator - INFO - Added to DEFAULT evaluations
2024-12-07 19:47:50,663 - IPEvaluator - INFO - TELECOM evaluations: 0 IPs
2024-12-07 19:47:50,663 - IPEvaluator - INFO - UNICOM evaluations: 0 IPs
2024-12-07 19:47:50,663 - IPEvaluator - INFO - MOBILE evaluations: 1 IPs
2024-12-07 19:47:50,663 - IPEvaluator - INFO - OVERSEAS evaluations: 3 IPs
2024-12-07 19:47:50,663 - IPEvaluator - INFO - DEFAULT evaluations: 5 IPs
2024-12-07 20:07:14,018 - IPEvaluator - INFO - Evaluating 2 test results...
2024-12-07 20:07:14,018 - IPEvaluator - INFO - Evaluating IP: 104.16.151.164
2024-12-07 20:07:14,018 - IPEvaluator - INFO - TELECOM latency: 151.0ms, threshold: 150ms
2024-12-07 20:07:14,018 - IPEvaluator - INFO - UNICOM latency: 184.0ms, threshold: 150ms
2024-12-07 20:07:14,018 - IPEvaluator - INFO - MOBILE latency: 34.0ms, threshold: 150ms
2024-12-07 20:07:14,018 - IPEvaluator - INFO - Added to MOBILE evaluations
2024-12-07 20:07:14,019 - IPEvaluator - INFO - OVERSEAS latency: 130.0ms, threshold: 200ms
2024-12-07 20:07:14,019 - IPEvaluator - INFO - Added to OVERSEAS evaluations
2024-12-07 20:07:14,019 - IPEvaluator - INFO - DEFAULT avg latency: 124.75ms, threshold: 450ms
2024-12-07 20:07:14,019 - IPEvaluator - INFO - Added to DEFAULT evaluations
2024-12-07 20:07:14,019 - IPEvaluator - INFO - Evaluating IP: 104.27.68.81
2024-12-07 20:07:14,019 - IPEvaluator - INFO - TELECOM latency: 203.0ms, threshold: 150ms
2024-12-07 20:07:14,020 - IPEvaluator - INFO - UNICOM latency: 165.0ms, threshold: 150ms
2024-12-07 20:07:14,020 - IPEvaluator - INFO - MOBILE latency: 197.0ms, threshold: 150ms
2024-12-07 20:07:14,020 - IPEvaluator - INFO - DEFAULT avg latency: 188.33333333333334ms, threshold: 450ms
2024-12-07 20:07:14,020 - IPEvaluator - INFO - Added to DEFAULT evaluations
2024-12-07 20:07:14,020 - IPEvaluator - INFO - TELECOM evaluations: 0 IPs
2024-12-07 20:07:14,020 - IPEvaluator - INFO - UNICOM evaluations: 0 IPs
2024-12-07 20:07:14,021 - IPEvaluator - INFO - MOBILE evaluations: 1 IPs
2024-12-07 20:07:14,021 - IPEvaluator - INFO - OVERSEAS evaluations: 1 IPs
2024-12-07 20:07:14,021 - IPEvaluator - INFO - DEFAULT evaluations: 2 IPs
2024-12-07 20:12:51,752 - IPEvaluator - INFO - Evaluating 2 test results...
2024-12-07 20:12:51,752 - IPEvaluator - INFO - Evaluating IP: 104.21.110.216
2024-12-07 20:12:51,753 - IPEvaluator - INFO - TELECOM latency: 215.0ms, threshold: 150ms
2024-12-07 20:12:51,753 - IPEvaluator - INFO - UNICOM latency: 182.0ms, threshold: 150ms
2024-12-07 20:12:51,753 - IPEvaluator - INFO - MOBILE latency: 199.0ms, threshold: 150ms
2024-12-07 20:12:51,754 - IPEvaluator - INFO - OVERSEAS latency: 212.0ms, threshold: 200ms
2024-12-07 20:12:51,755 - IPEvaluator - INFO - DEFAULT avg latency: 202.0ms, threshold: 450ms
2024-12-07 20:12:51,755 - IPEvaluator - INFO - Added to DEFAULT evaluations
2024-12-07 20:12:51,755 - IPEvaluator - INFO - Evaluating IP: 104.20.30.235
2024-12-07 20:12:51,756 - IPEvaluator - INFO - TELECOM latency: 213.0ms, threshold: 150ms
2024-12-07 20:12:51,756 - IPEvaluator - INFO - UNICOM latency: 90.0ms, threshold: 150ms
2024-12-07 20:12:51,756 - IPEvaluator - INFO - Added to UNICOM evaluations
2024-12-07 20:12:51,757 - IPEvaluator - INFO - MOBILE latency: 195.0ms, threshold: 150ms
2024-12-07 20:12:51,757 - IPEvaluator - INFO - OVERSEAS latency: 211.0ms, threshold: 200ms
2024-12-07 20:12:51,757 - IPEvaluator - INFO - DEFAULT avg latency: 177.25ms, threshold: 450ms
2024-12-07 20:12:51,758 - IPEvaluator - INFO - Added to DEFAULT evaluations
2024-12-07 20:12:51,758 - IPEvaluator - INFO - TELECOM evaluations: 0 IPs
2024-12-07 20:12:51,759 - IPEvaluator - INFO - UNICOM evaluations: 1 IPs
2024-12-07 20:12:51,760 - IPEvaluator - INFO - MOBILE evaluations: 0 IPs
2024-12-07 20:12:51,760 - IPEvaluator - INFO - OVERSEAS evaluations: 0 IPs
2024-12-07 20:12:51,760 - IPEvaluator - INFO - DEFAULT evaluations: 2 IPs
2024-12-07 20:22:18,464 - IPEvaluator - INFO - Evaluating 2 test results...
2024-12-07 20:22:18,464 - IPEvaluator - INFO - Evaluating IP: 104.20.110.132
2024-12-07 20:22:18,464 - IPEvaluator - INFO - TELECOM latency: 199.0ms, threshold: 150ms
2024-12-07 20:22:18,465 - IPEvaluator - INFO - UNICOM latency: 187.0ms, threshold: 150ms
2024-12-07 20:22:18,465 - IPEvaluator - INFO - MOBILE latency: 190.0ms, threshold: 150ms
2024-12-07 20:22:18,465 - IPEvaluator - INFO - OVERSEAS latency: 227.0ms, threshold: 200ms
2024-12-07 20:22:18,465 - IPEvaluator - INFO - DEFAULT avg latency: 200.75ms, threshold: 450ms
2024-12-07 20:22:18,465 - IPEvaluator - INFO - Added to DEFAULT evaluations
2024-12-07 20:22:18,465 - IPEvaluator - INFO - Evaluating IP: 104.20.78.219
2024-12-07 20:22:18,466 - IPEvaluator - INFO - TELECOM latency: 233.0ms, threshold: 150ms
2024-12-07 20:22:18,466 - IPEvaluator - INFO - UNICOM latency: 188.0ms, threshold: 150ms
2024-12-07 20:22:18,467 - IPEvaluator - INFO - MOBILE latency: 165.0ms, threshold: 150ms
2024-12-07 20:22:18,468 - IPEvaluator - INFO - OVERSEAS latency: 230.0ms, threshold: 200ms
2024-12-07 20:22:18,468 - IPEvaluator - INFO - DEFAULT avg latency: 204.0ms, threshold: 450ms
2024-12-07 20:22:18,468 - IPEvaluator - INFO - Added to DEFAULT evaluations
2024-12-07 20:22:18,468 - IPEvaluator - INFO - TELECOM evaluations: 0 IPs
2024-12-07 20:22:18,469 - IPEvaluator - INFO - UNICOM evaluations: 0 IPs
2024-12-07 20:22:18,469 - IPEvaluator - INFO - MOBILE evaluations: 0 IPs
2024-12-07 20:22:18,469 - IPEvaluator - INFO - OVERSEAS evaluations: 0 IPs
2024-12-07 20:22:18,469 - IPEvaluator - INFO - DEFAULT evaluations: 2 IPs
2024-12-07 20:30:15,601 - IPEvaluator - INFO - Evaluating 2 test results...
2024-12-07 20:30:15,601 - IPEvaluator - INFO - Evaluating IP: 104.21.35.45
2024-12-07 20:30:15,602 - IPEvaluator - INFO - TELECOM latency: 182.0ms, threshold: 150ms
2024-12-07 20:30:15,602 - IPEvaluator - INFO - UNICOM latency: 183.0ms, threshold: 150ms
2024-12-07 20:30:15,602 - IPEvaluator - INFO - MOBILE latency: 180.0ms, threshold: 150ms
2024-12-07 20:30:15,603 - IPEvaluator - INFO - OVERSEAS latency: 220.0ms, threshold: 200ms
2024-12-07 20:30:15,603 - IPEvaluator - INFO - DEFAULT avg latency: 191.25ms, threshold: 450ms
2024-12-07 20:30:15,603 - IPEvaluator - INFO - Added to DEFAULT evaluations
2024-12-07 20:30:15,604 - IPEvaluator - INFO - Evaluating IP: 104.17.51.168
2024-12-07 20:30:15,604 - IPEvaluator - INFO - TELECOM latency: 178.0ms, threshold: 150ms
2024-12-07 20:30:15,604 - IPEvaluator - INFO - UNICOM latency: 177.0ms, threshold: 150ms
2024-12-07 20:30:15,605 - IPEvaluator - INFO - MOBILE latency: 54.0ms, threshold: 150ms
2024-12-07 20:30:15,605 - IPEvaluator - INFO - Added to MOBILE evaluations
2024-12-07 20:30:15,605 - IPEvaluator - INFO - OVERSEAS latency: 165.0ms, threshold: 200ms
2024-12-07 20:30:15,606 - IPEvaluator - INFO - Added to OVERSEAS evaluations
2024-12-07 20:30:15,606 - IPEvaluator - INFO - DEFAULT avg latency: 143.5ms, threshold: 450ms
2024-12-07 20:30:15,607 - IPEvaluator - INFO - Added to DEFAULT evaluations
2024-12-07 20:30:15,607 - IPEvaluator - INFO - TELECOM evaluations: 0 IPs
2024-12-07 20:30:15,607 - IPEvaluator - INFO - UNICOM evaluations: 0 IPs
2024-12-07 20:30:15,609 - IPEvaluator - INFO - MOBILE evaluations: 1 IPs
2024-12-07 20:30:15,610 - IPEvaluator - INFO - OVERSEAS evaluations: 1 IPs
2024-12-07 20:30:15,610 - IPEvaluator - INFO - DEFAULT evaluations: 2 IPs
2024-12-07 20:36:17,441 - IPEvaluator - INFO - Evaluating 2 test results...
2024-12-07 20:36:17,442 - IPEvaluator - INFO - Evaluating IP: 104.18.75.72
2024-12-07 20:36:17,442 - IPEvaluator - INFO - TELECOM latency: 167.0ms, threshold: 150ms
2024-12-07 20:36:17,442 - IPEvaluator - INFO - UNICOM latency: 165.0ms, threshold: 150ms
2024-12-07 20:36:17,442 - IPEvaluator - INFO - MOBILE latency: 155.0ms, threshold: 150ms
2024-12-07 20:36:17,443 - IPEvaluator - INFO - OVERSEAS latency: 161.0ms, threshold: 200ms
2024-12-07 20:36:17,443 - IPEvaluator - INFO - Added to OVERSEAS evaluations
2024-12-07 20:36:17,443 - IPEvaluator - INFO - DEFAULT avg latency: 162.0ms, threshold: 450ms
2024-12-07 20:36:17,443 - IPEvaluator - INFO - Added to DEFAULT evaluations
2024-12-07 20:36:17,443 - IPEvaluator - INFO - Evaluating IP: 104.27.88.157
2024-12-07 20:36:17,444 - IPEvaluator - INFO - TELECOM latency: 204.0ms, threshold: 150ms
2024-12-07 20:36:17,444 - IPEvaluator - INFO - UNICOM latency: 188.0ms, threshold: 150ms
2024-12-07 20:36:17,444 - IPEvaluator - INFO - MOBILE latency: 178.0ms, threshold: 150ms
2024-12-07 20:36:17,444 - IPEvaluator - INFO - OVERSEAS latency: 239.0ms, threshold: 200ms
2024-12-07 20:36:17,444 - IPEvaluator - INFO - DEFAULT avg latency: 202.25ms, threshold: 450ms
2024-12-07 20:36:17,444 - IPEvaluator - INFO - Added to DEFAULT evaluations
2024-12-07 20:36:17,445 - IPEvaluator - INFO - TELECOM evaluations: 0 IPs
2024-12-07 20:36:17,445 - IPEvaluator - INFO - UNICOM evaluations: 0 IPs
2024-12-07 20:36:17,445 - IPEvaluator - INFO - MOBILE evaluations: 0 IPs
2024-12-07 20:36:17,445 - IPEvaluator - INFO - OVERSEAS evaluations: 1 IPs
2024-12-07 20:36:17,445 - IPEvaluator - INFO - DEFAULT evaluations: 2 IPs
2024-12-07 20:50:52,053 - IPEvaluator - INFO - Evaluating 2 test results...
2024-12-07 20:50:52,053 - IPEvaluator - INFO - Evaluating IP: 104.16.172.134
2024-12-07 20:50:52,053 - IPEvaluator - INFO - TELECOM latency: 174.0ms, threshold: 150ms
2024-12-07 20:50:52,053 - IPEvaluator - INFO - UNICOM latency: 202.0ms, threshold: 150ms
2024-12-07 20:50:52,054 - IPEvaluator - INFO - MOBILE latency: 185.0ms, threshold: 150ms
2024-12-07 20:50:52,054 - IPEvaluator - INFO - OVERSEAS latency: 162.0ms, threshold: 200ms
2024-12-07 20:50:52,054 - IPEvaluator - INFO - Added to OVERSEAS evaluations
2024-12-07 20:50:52,055 - IPEvaluator - INFO - DEFAULT avg latency: 180.75ms, threshold: 450ms
2024-12-07 20:50:52,055 - IPEvaluator - INFO - Added to DEFAULT evaluations
2024-12-07 20:50:52,056 - IPEvaluator - INFO - Evaluating IP: 172.66.57.110
2024-12-07 20:50:52,056 - IPEvaluator - INFO - TELECOM evaluations: 0 IPs
2024-12-07 20:50:52,056 - IPEvaluator - INFO - UNICOM evaluations: 0 IPs
2024-12-07 20:50:52,056 - IPEvaluator - INFO - MOBILE evaluations: 0 IPs
2024-12-07 20:50:52,056 - IPEvaluator - INFO - OVERSEAS evaluations: 1 IPs
2024-12-07 20:50:52,056 - IPEvaluator - INFO - DEFAULT evaluations: 1 IPs
2024-12-07 20:58:31,721 - IPEvaluator - INFO - Evaluating 2 test results...
2024-12-07 20:58:31,721 - IPEvaluator - INFO - Evaluating IP: 104.21.78.204
2024-12-07 20:58:31,721 - IPEvaluator - INFO - TELECOM latency: 190.0ms, threshold: 150ms
2024-12-07 20:58:31,722 - IPEvaluator - INFO - UNICOM latency: 175.0ms, threshold: 150ms
2024-12-07 20:58:31,722 - IPEvaluator - INFO - MOBILE latency: 178.0ms, threshold: 150ms
2024-12-07 20:58:31,722 - IPEvaluator - INFO - OVERSEAS latency: 181.0ms, threshold: 200ms
2024-12-07 20:58:31,722 - IPEvaluator - INFO - Added to OVERSEAS evaluations
2024-12-07 20:58:31,722 - IPEvaluator - INFO - DEFAULT avg latency: 181.0ms, threshold: 450ms
2024-12-07 20:58:31,723 - IPEvaluator - INFO - Added to DEFAULT evaluations
2024-12-07 20:58:31,723 - IPEvaluator - INFO - Evaluating IP: 104.25.155.14
2024-12-07 20:58:31,723 - IPEvaluator - INFO - TELECOM latency: 228.0ms, threshold: 150ms
2024-12-07 20:58:31,723 - IPEvaluator - INFO - UNICOM latency: 182.0ms, threshold: 150ms
2024-12-07 20:58:31,723 - IPEvaluator - INFO - MOBILE latency: 189.0ms, threshold: 150ms
2024-12-07 20:58:31,723 - IPEvaluator - INFO - OVERSEAS latency: 199.0ms, threshold: 200ms
2024-12-07 20:58:31,723 - IPEvaluator - INFO - Added to OVERSEAS evaluations
2024-12-07 20:58:31,723 - IPEvaluator - INFO - DEFAULT avg latency: 199.5ms, threshold: 450ms
2024-12-07 20:58:31,724 - IPEvaluator - INFO - Added to DEFAULT evaluations
2024-12-07 20:58:31,724 - IPEvaluator - INFO - TELECOM evaluations: 0 IPs
2024-12-07 20:58:31,724 - IPEvaluator - INFO - UNICOM evaluations: 0 IPs
2024-12-07 20:58:31,724 - IPEvaluator - INFO - MOBILE evaluations: 0 IPs
2024-12-07 20:58:31,724 - IPEvaluator - INFO - OVERSEAS evaluations: 2 IPs
2024-12-07 20:58:31,724 - IPEvaluator - INFO - DEFAULT evaluations: 2 IPs
2024-12-07 21:10:49,522 - IPEvaluator - INFO - Evaluating 2 test results...
2024-12-07 21:10:49,522 - IPEvaluator - INFO - Evaluating IP: 104.22.45.91
2024-12-07 21:10:49,522 - IPEvaluator - INFO - UNICOM latency: 175.0ms, threshold: 150ms
2024-12-07 21:10:49,522 - IPEvaluator - INFO - MOBILE latency: 196.0ms, threshold: 150ms
2024-12-07 21:10:49,522 - IPEvaluator - INFO - DEFAULT avg latency: 185.5ms, threshold: 450ms
2024-12-07 21:10:49,523 - IPEvaluator - INFO - Added to DEFAULT evaluations
2024-12-07 21:10:49,523 - IPEvaluator - INFO - Evaluating IP: 104.17.165.182
2024-12-07 21:10:49,523 - IPEvaluator - INFO - TELECOM latency: 156.0ms, threshold: 150ms
2024-12-07 21:10:49,523 - IPEvaluator - INFO - UNICOM latency: 169.0ms, threshold: 150ms
2024-12-07 21:10:49,523 - IPEvaluator - INFO - MOBILE latency: 45.0ms, threshold: 150ms
2024-12-07 21:10:49,524 - IPEvaluator - INFO - Added to MOBILE evaluations
2024-12-07 21:10:49,524 - IPEvaluator - INFO - OVERSEAS latency: 151.0ms, threshold: 150ms
2024-12-07 21:10:49,524 - IPEvaluator - INFO - DEFAULT avg latency: 130.25ms, threshold: 450ms
2024-12-07 21:10:49,524 - IPEvaluator - INFO - Added to DEFAULT evaluations
2024-12-07 21:10:49,525 - IPEvaluator - INFO - TELECOM evaluations: 0 IPs
2024-12-07 21:10:49,525 - IPEvaluator - INFO - UNICOM evaluations: 0 IPs
2024-12-07 21:10:49,525 - IPEvaluator - INFO - MOBILE evaluations: 1 IPs
2024-12-07 21:10:49,526 - IPEvaluator - INFO - OVERSEAS evaluations: 0 IPs
2024-12-07 21:10:49,526 - IPEvaluator - INFO - DEFAULT evaluations: 2 IPs
2024-12-07 21:17:26,280 - IPEvaluator - INFO - Evaluating 2 test results...
2024-12-07 21:17:26,281 - IPEvaluator - INFO - Evaluating IP: 172.67.235.218
2024-12-07 21:17:26,281 - IPEvaluator - INFO - TELECOM latency: 204.0ms, threshold: 300ms
2024-12-07 21:17:26,281 - IPEvaluator - INFO - Added to TELECOM evaluations
2024-12-07 21:17:26,282 - IPEvaluator - INFO - UNICOM latency: 192.0ms, threshold: 300ms
2024-12-07 21:17:26,282 - IPEvaluator - INFO - Added to UNICOM evaluations
2024-12-07 21:17:26,282 - IPEvaluator - INFO - MOBILE latency: 186.0ms, threshold: 300ms
2024-12-07 21:17:26,283 - IPEvaluator - INFO - Added to MOBILE evaluations
2024-12-07 21:17:26,283 - IPEvaluator - INFO - DEFAULT avg latency: 194.0ms, threshold: 450ms
2024-12-07 21:17:26,283 - IPEvaluator - INFO - Added to DEFAULT evaluations
2024-12-07 21:17:26,283 - IPEvaluator - INFO - Evaluating IP: 172.67.39.32
2024-12-07 21:17:26,284 - IPEvaluator - INFO - TELECOM latency: 194.0ms, threshold: 300ms
2024-12-07 21:17:26,284 - IPEvaluator - INFO - Added to TELECOM evaluations
2024-12-07 21:17:26,284 - IPEvaluator - INFO - UNICOM latency: 168.0ms, threshold: 300ms
2024-12-07 21:17:26,284 - IPEvaluator - INFO - Added to UNICOM evaluations
2024-12-07 21:17:26,284 - IPEvaluator - INFO - MOBILE latency: 169.0ms, threshold: 300ms
2024-12-07 21:17:26,284 - IPEvaluator - INFO - Added to MOBILE evaluations
2024-12-07 21:17:26,284 - IPEvaluator - INFO - OVERSEAS latency: 157.0ms, threshold: 400ms
2024-12-07 21:17:26,284 - IPEvaluator - INFO - Added to OVERSEAS evaluations
2024-12-07 21:17:26,284 - IPEvaluator - INFO - DEFAULT avg latency: 172.0ms, threshold: 450ms
2024-12-07 21:17:26,285 - IPEvaluator - INFO - Added to DEFAULT evaluations
2024-12-07 21:17:26,285 - IPEvaluator - INFO - TELECOM evaluations: 2 IPs
2024-12-07 21:17:26,285 - IPEvaluator - INFO - UNICOM evaluations: 2 IPs
2024-12-07 21:17:26,285 - IPEvaluator - INFO - MOBILE evaluations: 2 IPs
2024-12-07 21:17:26,285 - IPEvaluator - INFO - OVERSEAS evaluations: 1 IPs
2024-12-07 21:17:26,285 - IPEvaluator - INFO - DEFAULT evaluations: 2 IPs
2024-12-07 21:25:03,454 - IPEvaluator - INFO - Evaluating 2 test results...
2024-12-07 21:25:03,454 - IPEvaluator - INFO - 
评估IP 104.25.1.140:
2024-12-07 21:25:03,454 - IPEvaluator - INFO - TELECOM: 延迟=237.0ms, 阈值=300ms
2024-12-07 21:25:03,454 - IPEvaluator - INFO - UNICOM: 延迟=160.0ms, 阈值=300ms
2024-12-07 21:25:03,455 - IPEvaluator - INFO - MOBILE: 延迟=172.0ms, 阈值=300ms
2024-12-07 21:25:03,455 - IPEvaluator - INFO - TELECOM latency: 237.0ms, threshold: 300ms
2024-12-07 21:25:03,455 - IPEvaluator - INFO - Added to TELECOM evaluations
2024-12-07 21:25:03,455 - IPEvaluator - INFO - UNICOM latency: 160.0ms, threshold: 300ms
2024-12-07 21:25:03,455 - IPEvaluator - INFO - Added to UNICOM evaluations
2024-12-07 21:25:03,456 - IPEvaluator - INFO - MOBILE latency: 172.0ms, threshold: 300ms
2024-12-07 21:25:03,456 - IPEvaluator - INFO - Added to MOBILE evaluations
2024-12-07 21:25:03,456 - IPEvaluator - INFO - DEFAULT avg latency: 189.66666666666666ms, threshold: 450ms
2024-12-07 21:25:03,456 - IPEvaluator - INFO - Added to DEFAULT evaluations
2024-12-07 21:25:03,457 - IPEvaluator - INFO - 
评估IP 172.67.168.189:
2024-12-07 21:25:03,457 - IPEvaluator - INFO - TELECOM: 延迟=172.0ms, 阈值=300ms
2024-12-07 21:25:03,457 - IPEvaluator - INFO - UNICOM: 延迟=178.0ms, 阈值=300ms
2024-12-07 21:25:03,457 - IPEvaluator - INFO - MOBILE: 延迟=192.0ms, 阈值=300ms
2024-12-07 21:25:03,457 - IPEvaluator - INFO - OVERSEAS: 延迟=220.0ms, 阈值=400ms
2024-12-07 21:25:03,458 - IPEvaluator - INFO - TELECOM latency: 172.0ms, threshold: 300ms
2024-12-07 21:25:03,458 - IPEvaluator - INFO - Added to TELECOM evaluations
2024-12-07 21:25:03,458 - IPEvaluator - INFO - UNICOM latency: 178.0ms, threshold: 300ms
2024-12-07 21:25:03,458 - IPEvaluator - INFO - Added to UNICOM evaluations
2024-12-07 21:25:03,458 - IPEvaluator - INFO - MOBILE latency: 192.0ms, threshold: 300ms
2024-12-07 21:25:03,459 - IPEvaluator - INFO - Added to MOBILE evaluations
2024-12-07 21:25:03,459 - IPEvaluator - INFO - OVERSEAS latency: 220.0ms, threshold: 400ms
2024-12-07 21:25:03,459 - IPEvaluator - INFO - Added to OVERSEAS evaluations
2024-12-07 21:25:03,459 - IPEvaluator - INFO - DEFAULT avg latency: 190.5ms, threshold: 450ms
2024-12-07 21:25:03,459 - IPEvaluator - INFO - Added to DEFAULT evaluations
2024-12-07 21:25:03,460 - IPEvaluator - INFO - TELECOM evaluations: 2 IPs
2024-12-07 21:25:03,461 - IPEvaluator - INFO - UNICOM evaluations: 2 IPs
2024-12-07 21:25:03,461 - IPEvaluator - INFO - MOBILE evaluations: 2 IPs
2024-12-07 21:25:03,461 - IPEvaluator - INFO - OVERSEAS evaluations: 1 IPs
2024-12-07 21:25:03,461 - IPEvaluator - INFO - DEFAULT evaluations: 2 IPs
2024-12-07 21:34:26,392 - IPEvaluator - INFO - 
评估IP 104.20.186.158:
2024-12-07 21:41:01,712 - IPEvaluator - INFO - 
评估IP 104.18.185.58:
2024-12-07 21:41:01,712 - IPEvaluator - INFO - 测试结果详情: {
  "ip": "104.18.185.58",
  "status": "ok",
  "tests": {
    "TELECOM": {
      "latency": 148.0,
      "loss": 0,
      "available": true,
      "node_id": "1169"
    },
    "UNICOM": {
      "latency": 172.0,
      "loss": 0,
      "available": true,
      "node_id": "1266"
    },
    "MOBILE": {
      "latency": 184.0,
      "loss": 0,
      "available": true,
      "node_id": "1295"
    }
  }
}
2024-12-07 21:41:01,713 - IPEvaluator - INFO - TELECOM 测试结果: {'latency': 148.0, 'loss': 0, 'available': True, 'node_id': '1169'}
2024-12-07 21:41:01,713 - IPEvaluator - INFO - TELECOM: 延迟=148.0ms, 阈值=300ms
2024-12-07 21:41:01,713 - IPEvaluator - INFO - 添加到 TELECOM 评估结果
2024-12-07 21:41:01,714 - IPEvaluator - INFO - UNICOM 测试结果: {'latency': 172.0, 'loss': 0, 'available': True, 'node_id': '1266'}
2024-12-07 21:41:01,714 - IPEvaluator - INFO - UNICOM: 延迟=172.0ms, 阈值=300ms
2024-12-07 21:41:01,715 - IPEvaluator - INFO - 添加到 UNICOM 评估结果
2024-12-07 21:41:01,715 - IPEvaluator - INFO - MOBILE 测试结果: {'latency': 184.0, 'loss': 0, 'available': True, 'node_id': '1295'}
2024-12-07 21:41:01,715 - IPEvaluator - INFO - MOBILE: 延迟=184.0ms, 阈值=300ms
2024-12-07 21:41:01,715 - IPEvaluator - INFO - 添加到 MOBILE 评估结果
2024-12-07 21:41:01,716 - IPEvaluator - INFO - DEFAULT 线路评估: 平均延迟=168.0ms, 阈值=450ms
2024-12-07 21:41:01,716 - IPEvaluator - INFO - 添加到 DEFAULT 评估结果
2024-12-07 21:41:01,716 - IPEvaluator - INFO - 
评估IP 172.64.63.155:
2024-12-07 21:41:01,716 - IPEvaluator - INFO - 测试结果详情: {
  "ip": "172.64.63.155",
  "status": "ok",
  "tests": {}
}
2024-12-07 21:41:01,716 - IPEvaluator - INFO - TELECOM 评估结果: 1 个IP
2024-12-07 21:41:01,716 - IPEvaluator - INFO -   IP: 104.18.185.58, 延迟: 148.0ms
2024-12-07 21:41:01,716 - IPEvaluator - INFO - UNICOM 评估结果: 1 个IP
2024-12-07 21:41:01,717 - IPEvaluator - INFO -   IP: 104.18.185.58, 延迟: 172.0ms
2024-12-07 21:41:01,717 - IPEvaluator - INFO - MOBILE 评估结果: 1 个IP
2024-12-07 21:41:01,717 - IPEvaluator - INFO -   IP: 104.18.185.58, 延迟: 184.0ms
2024-12-07 21:41:01,717 - IPEvaluator - INFO - OVERSEAS 评估结果: 0 个IP
2024-12-07 21:41:01,717 - IPEvaluator - INFO - DEFAULT 评估结果: 1 个IP
2024-12-07 21:41:01,717 - IPEvaluator - INFO -   IP: 104.18.185.58, 延迟: 168.0ms
2024-12-07 21:51:28,650 - IPEvaluator - INFO - 
评估IP 104.17.227.80:
2024-12-07 21:51:28,650 - IPEvaluator - INFO - 测试结果详情: {
  "ip": "104.17.227.80",
  "status": "ok",
  "tests": {
    "TELECOM": {
      "latency": 140.0,
      "loss": 0,
      "available": true,
      "node_id": "1312"
    },
    "UNICOM": {
      "latency": 146.0,
      "loss": 0,
      "available": true,
      "node_id": "1273"
    },
    "MOBILE": {
      "latency": 177.0,
      "loss": 0,
      "available": true,
      "node_id": "1250"
    },
    "OVERSEAS": {
      "latency": 164.0,
      "loss": 0,
      "available": true,
      "node_id": "1343"
    }
  }
}
2024-12-07 21:51:28,651 - IPEvaluator - INFO - TELECOM 测试结果: {'latency': 140.0, 'loss': 0, 'available': True, 'node_id': '1312'}
2024-12-07 21:51:28,651 - IPEvaluator - INFO - TELECOM: 延迟=140.0ms, 阈值=300ms
2024-12-07 21:51:28,652 - IPEvaluator - INFO - 添加到 TELECOM 评估结果
2024-12-07 21:51:28,652 - IPEvaluator - INFO - UNICOM 测试结果: {'latency': 146.0, 'loss': 0, 'available': True, 'node_id': '1273'}
2024-12-07 21:51:28,652 - IPEvaluator - INFO - UNICOM: 延迟=146.0ms, 阈值=300ms
2024-12-07 21:51:28,652 - IPEvaluator - INFO - 添加到 UNICOM 评估结果
2024-12-07 21:51:28,652 - IPEvaluator - INFO - MOBILE 测试结果: {'latency': 177.0, 'loss': 0, 'available': True, 'node_id': '1250'}
2024-12-07 21:51:28,653 - IPEvaluator - INFO - MOBILE: 延迟=177.0ms, 阈值=300ms
2024-12-07 21:51:28,653 - IPEvaluator - INFO - 添加到 MOBILE 评估结果
2024-12-07 21:51:28,653 - IPEvaluator - INFO - OVERSEAS 测试结果: {'latency': 164.0, 'loss': 0, 'available': True, 'node_id': '1343'}
2024-12-07 21:51:28,653 - IPEvaluator - INFO - OVERSEAS: 延迟=164.0ms, 阈值=400ms
2024-12-07 21:51:28,653 - IPEvaluator - INFO - 添加到 OVERSEAS 评估结果
2024-12-07 21:51:28,654 - IPEvaluator - INFO - DEFAULT 线路评估: 平均延迟=156.75ms, 阈值=450ms
2024-12-07 21:51:28,654 - IPEvaluator - INFO - 添加到 DEFAULT 评估结果
2024-12-07 21:51:28,654 - IPEvaluator - INFO - 
评估IP 104.18.108.241:
2024-12-07 21:51:28,654 - IPEvaluator - INFO - 测试结果详情: {
  "ip": "104.18.108.241",
  "status": "ok",
  "tests": {
    "TELECOM": {
      "latency": 163.0,
      "loss": 0,
      "available": true,
      "node_id": "1135"
    },
    "UNICOM": {
      "latency": 155.0,
      "loss": 0,
      "available": true,
      "node_id": "1254"
    },
    "MOBILE": {
      "latency": 184.0,
      "loss": 0,
      "available": true,
      "node_id": "1245"
    },
    "OVERSEAS": {
      "latency": 161.0,
      "loss": 0,
      "available": true,
      "node_id": "1345"
    }
  }
}
2024-12-07 21:51:28,655 - IPEvaluator - INFO - TELECOM 测试结果: {'latency': 163.0, 'loss': 0, 'available': True, 'node_id': '1135'}
2024-12-07 21:51:28,655 - IPEvaluator - INFO - TELECOM: 延迟=163.0ms, 阈值=300ms
2024-12-07 21:51:28,656 - IPEvaluator - INFO - 添加到 TELECOM 评估结果
2024-12-07 21:51:28,656 - IPEvaluator - INFO - UNICOM 测试结果: {'latency': 155.0, 'loss': 0, 'available': True, 'node_id': '1254'}
2024-12-07 21:51:28,656 - IPEvaluator - INFO - UNICOM: 延迟=155.0ms, 阈值=300ms
2024-12-07 21:51:28,656 - IPEvaluator - INFO - 添加到 UNICOM 评估结果
2024-12-07 21:51:28,656 - IPEvaluator - INFO - MOBILE 测试结果: {'latency': 184.0, 'loss': 0, 'available': True, 'node_id': '1245'}
2024-12-07 21:51:28,657 - IPEvaluator - INFO - MOBILE: 延迟=184.0ms, 阈值=300ms
2024-12-07 21:51:28,657 - IPEvaluator - INFO - 添加到 MOBILE 评估结果
2024-12-07 21:51:28,657 - IPEvaluator - INFO - OVERSEAS 测试结果: {'latency': 161.0, 'loss': 0, 'available': True, 'node_id': '1345'}
2024-12-07 21:51:28,657 - IPEvaluator - INFO - OVERSEAS: 延迟=161.0ms, 阈值=400ms
2024-12-07 21:51:28,657 - IPEvaluator - INFO - 添加到 OVERSEAS 评估结果
2024-12-07 21:51:28,658 - IPEvaluator - INFO - DEFAULT 线路评估: 平均延迟=165.75ms, 阈值=450ms
2024-12-07 21:51:28,658 - IPEvaluator - INFO - 添加到 DEFAULT 评估结果
2024-12-07 21:51:28,658 - IPEvaluator - INFO - TELECOM 评估结果: 2 个IP
2024-12-07 21:51:28,658 - IPEvaluator - INFO -   IP: 104.17.227.80, 延迟: 140.0ms
2024-12-07 21:51:28,658 - IPEvaluator - INFO -   IP: 104.18.108.241, 延迟: 163.0ms
2024-12-07 21:51:28,659 - IPEvaluator - INFO - UNICOM 评估结果: 2 个IP
2024-12-07 21:51:28,659 - IPEvaluator - INFO -   IP: 104.17.227.80, 延迟: 146.0ms
2024-12-07 21:51:28,659 - IPEvaluator - INFO -   IP: 104.18.108.241, 延迟: 155.0ms
2024-12-07 21:51:28,659 - IPEvaluator - INFO - MOBILE 评估结果: 2 个IP
2024-12-07 21:51:28,659 - IPEvaluator - INFO -   IP: 104.17.227.80, 延迟: 177.0ms
2024-12-07 21:51:28,660 - IPEvaluator - INFO -   IP: 104.18.108.241, 延迟: 184.0ms
2024-12-07 21:51:28,660 - IPEvaluator - INFO - OVERSEAS 评估结果: 2 个IP
2024-12-07 21:51:28,660 - IPEvaluator - INFO -   IP: 104.17.227.80, 延迟: 164.0ms
2024-12-07 21:51:28,660 - IPEvaluator - INFO -   IP: 104.18.108.241, 延迟: 161.0ms
2024-12-07 21:51:28,660 - IPEvaluator - INFO - DEFAULT 评估结果: 2 个IP
2024-12-07 21:51:28,661 - IPEvaluator - INFO -   IP: 104.17.227.80, 延迟: 156.75ms
2024-12-07 21:51:28,661 - IPEvaluator - INFO -   IP: 104.18.108.241, 延迟: 165.75ms
2024-12-07 21:56:03,203 - IPEvaluator - INFO - 
评估IP 104.17.176.99:
2024-12-07 21:56:03,204 - IPEvaluator - INFO - 测试结果详情: {
  "ip": "104.17.176.99",
  "status": "ok",
  "tests": {
    "TELECOM": {
      "latency": 125.0,
      "loss": 0,
      "available": true,
      "node_id": "1227"
    },
    "UNICOM": {
      "latency": 168.0,
      "loss": 0,
      "available": true,
      "node_id": "1278"
    },
    "MOBILE": {
      "latency": 29.0,
      "loss": 0,
      "available": true,
      "node_id": "1249"
    },
    "OVERSEAS": {
      "latency": 159.0,
      "loss": 0,
      "available": true,
      "node_id": "1343"
    }
  }
}
2024-12-07 21:56:03,204 - IPEvaluator - INFO - TELECOM 测试结果: {'latency': 125.0, 'loss': 0, 'available': True, 'node_id': '1227'}
2024-12-07 21:56:03,204 - IPEvaluator - INFO - TELECOM: 延迟=125.0ms, 阈值=300ms
2024-12-07 21:56:03,204 - IPEvaluator - INFO - 添加到 TELECOM 评估结果
2024-12-07 21:56:03,204 - IPEvaluator - INFO - UNICOM 测试结果: {'latency': 168.0, 'loss': 0, 'available': True, 'node_id': '1278'}
2024-12-07 21:56:03,204 - IPEvaluator - INFO - UNICOM: 延迟=168.0ms, 阈值=300ms
2024-12-07 21:56:03,204 - IPEvaluator - INFO - 添加到 UNICOM 评估结果
2024-12-07 21:56:03,205 - IPEvaluator - INFO - MOBILE 测试结果: {'latency': 29.0, 'loss': 0, 'available': True, 'node_id': '1249'}
2024-12-07 21:56:03,205 - IPEvaluator - INFO - MOBILE: 延迟=29.0ms, 阈值=300ms
2024-12-07 21:56:03,205 - IPEvaluator - INFO - 添加到 MOBILE 评估结果
2024-12-07 21:56:03,205 - IPEvaluator - INFO - OVERSEAS 测试结果: {'latency': 159.0, 'loss': 0, 'available': True, 'node_id': '1343'}
2024-12-07 21:56:03,205 - IPEvaluator - INFO - OVERSEAS: 延迟=159.0ms, 阈值=400ms
2024-12-07 21:56:03,205 - IPEvaluator - INFO - 添加到 OVERSEAS 评估结果
2024-12-07 21:56:03,205 - IPEvaluator - INFO - DEFAULT 线路评估: 平均延迟=120.25ms, 阈值=450ms
2024-12-07 21:56:03,205 - IPEvaluator - INFO - 添加到 DEFAULT 评估结果
2024-12-07 21:56:03,206 - IPEvaluator - INFO - 
评估IP 104.24.247.76:
2024-12-07 21:56:03,206 - IPEvaluator - INFO - 测试结果详情: {
  "ip": "104.24.247.76",
  "status": "ok",
  "tests": {
    "TELECOM": {
      "latency": 245.0,
      "loss": 0,
      "available": true,
      "node_id": "1304"
    },
    "UNICOM": {
      "latency": 189.0,
      "loss": 0,
      "available": true,
      "node_id": "1275"
    },
    "MOBILE": {
      "latency": 187.0,
      "loss": 0,
      "available": true,
      "node_id": "1295"
    }
  }
}
2024-12-07 21:56:03,206 - IPEvaluator - INFO - TELECOM 测试结果: {'latency': 245.0, 'loss': 0, 'available': True, 'node_id': '1304'}
2024-12-07 21:56:03,206 - IPEvaluator - INFO - TELECOM: 延迟=245.0ms, 阈值=300ms
2024-12-07 21:56:03,206 - IPEvaluator - INFO - 添加到 TELECOM 评估结果
2024-12-07 21:56:03,206 - IPEvaluator - INFO - UNICOM 测试结果: {'latency': 189.0, 'loss': 0, 'available': True, 'node_id': '1275'}
2024-12-07 21:56:03,206 - IPEvaluator - INFO - UNICOM: 延迟=189.0ms, 阈值=300ms
2024-12-07 21:56:03,206 - IPEvaluator - INFO - 添加到 UNICOM 评估结果
2024-12-07 21:56:03,206 - IPEvaluator - INFO - MOBILE 测试结果: {'latency': 187.0, 'loss': 0, 'available': True, 'node_id': '1295'}
2024-12-07 21:56:03,207 - IPEvaluator - INFO - MOBILE: 延迟=187.0ms, 阈值=300ms
2024-12-07 21:56:03,207 - IPEvaluator - INFO - 添加到 MOBILE 评估结果
2024-12-07 21:56:03,207 - IPEvaluator - INFO - DEFAULT 线路评估: 平均延迟=207.0ms, 阈值=450ms
2024-12-07 21:56:03,207 - IPEvaluator - INFO - 添加到 DEFAULT 评估结果
2024-12-07 21:56:03,207 - IPEvaluator - INFO - TELECOM 评估结果: 2 个IP
2024-12-07 21:56:03,207 - IPEvaluator - INFO -   IP: 104.17.176.99, 延迟: 125.0ms
2024-12-07 21:56:03,207 - IPEvaluator - INFO -   IP: 104.24.247.76, 延迟: 245.0ms
2024-12-07 21:56:03,207 - IPEvaluator - INFO - UNICOM 评估结果: 2 个IP
2024-12-07 21:56:03,208 - IPEvaluator - INFO -   IP: 104.17.176.99, 延迟: 168.0ms
2024-12-07 21:56:03,208 - IPEvaluator - INFO -   IP: 104.24.247.76, 延迟: 189.0ms
2024-12-07 21:56:03,208 - IPEvaluator - INFO - MOBILE 评估结果: 2 个IP
2024-12-07 21:56:03,208 - IPEvaluator - INFO -   IP: 104.17.176.99, 延迟: 29.0ms
2024-12-07 21:56:03,208 - IPEvaluator - INFO -   IP: 104.24.247.76, 延迟: 187.0ms
2024-12-07 21:56:03,208 - IPEvaluator - INFO - OVERSEAS 评估结果: 1 个IP
2024-12-07 21:56:03,208 - IPEvaluator - INFO -   IP: 104.17.176.99, 延迟: 159.0ms
2024-12-07 21:56:03,208 - IPEvaluator - INFO - DEFAULT 评估结果: 2 个IP
2024-12-07 21:56:03,208 - IPEvaluator - INFO -   IP: 104.17.176.99, 延迟: 120.25ms
2024-12-07 21:56:03,208 - IPEvaluator - INFO -   IP: 104.24.247.76, 延迟: 207.0ms
2024-12-07 22:18:19,975 - IPEvaluator - INFO - 
评估IP 104.16.184.189:
2024-12-07 22:18:19,975 - IPEvaluator - INFO - 测试结果详情: {
  "ip": "104.16.184.189",
  "status": "ok",
  "tests": {
    "TELECOM": {
      "latency": 144.0,
      "loss": 0,
      "available": true,
      "node_id": "1132"
    },
    "UNICOM": {
      "latency": 196.0,
      "loss": 0,
      "available": true,
      "node_id": "1277"
    },
    "MOBILE": {
      "latency": 202.0,
      "loss": 0,
      "available": true,
      "node_id": "1287"
    },
    "OVERSEAS": {
      "latency": 167.0,
      "loss": 0,
      "available": true,
      "node_id": "1343"
    }
  }
}
2024-12-07 22:18:19,978 - IPEvaluator - INFO - TELECOM 测试结果: {'latency': 144.0, 'loss': 0, 'available': True, 'node_id': '1132'}
2024-12-07 22:18:19,978 - IPEvaluator - INFO - TELECOM: 延迟=144.0ms, 阈值=300ms
2024-12-07 22:18:19,978 - IPEvaluator - INFO - 添加到 TELECOM 评估结果
2024-12-07 22:18:19,978 - IPEvaluator - INFO - UNICOM 测试结果: {'latency': 196.0, 'loss': 0, 'available': True, 'node_id': '1277'}
2024-12-07 22:18:19,978 - IPEvaluator - INFO - UNICOM: 延迟=196.0ms, 阈值=300ms
2024-12-07 22:18:19,978 - IPEvaluator - INFO - 添加到 UNICOM 评估结果
2024-12-07 22:18:19,979 - IPEvaluator - INFO - MOBILE 测试结果: {'latency': 202.0, 'loss': 0, 'available': True, 'node_id': '1287'}
2024-12-07 22:18:19,979 - IPEvaluator - INFO - MOBILE: 延迟=202.0ms, 阈值=300ms
2024-12-07 22:18:19,979 - IPEvaluator - INFO - 添加到 MOBILE 评估结果
2024-12-07 22:18:19,979 - IPEvaluator - INFO - OVERSEAS 测试结果: {'latency': 167.0, 'loss': 0, 'available': True, 'node_id': '1343'}
2024-12-07 22:18:19,979 - IPEvaluator - INFO - OVERSEAS: 延迟=167.0ms, 阈值=400ms
2024-12-07 22:18:19,979 - IPEvaluator - INFO - 添加到 OVERSEAS 评估结果
2024-12-07 22:18:19,979 - IPEvaluator - INFO - DEFAULT 线路评估: 平均延迟=177.25ms, 阈值=450ms
2024-12-07 22:18:19,980 - IPEvaluator - INFO - 添加到 DEFAULT 评估结果
2024-12-07 22:18:19,980 - IPEvaluator - INFO - 
评估IP 104.17.182.13:
2024-12-07 22:18:19,980 - IPEvaluator - INFO - 测试结果详情: {
  "ip": "104.17.182.13",
  "status": "ok",
  "tests": {
    "TELECOM": {
      "latency": 158.0,
      "loss": 0,
      "available": true,
      "node_id": "1312"
    },
    "UNICOM": {
      "latency": 122.0,
      "loss": 0,
      "available": true,
      "node_id": "1254"
    },
    "MOBILE": {
      "latency": 20.0,
      "loss": 0,
      "available": true,
      "node_id": "1290"
    },
    "OVERSEAS": {
      "latency": 160.0,
      "loss": 0,
      "available": true,
      "node_id": "1343"
    }
  }
}
2024-12-07 22:18:19,980 - IPEvaluator - INFO - TELECOM 测试结果: {'latency': 158.0, 'loss': 0, 'available': True, 'node_id': '1312'}
2024-12-07 22:18:19,980 - IPEvaluator - INFO - TELECOM: 延迟=158.0ms, 阈值=300ms
2024-12-07 22:18:19,981 - IPEvaluator - INFO - 添加到 TELECOM 评估结果
2024-12-07 22:18:19,981 - IPEvaluator - INFO - UNICOM 测试结果: {'latency': 122.0, 'loss': 0, 'available': True, 'node_id': '1254'}
2024-12-07 22:18:19,981 - IPEvaluator - INFO - UNICOM: 延迟=122.0ms, 阈值=300ms
2024-12-07 22:18:19,981 - IPEvaluator - INFO - 添加到 UNICOM 评估结果
2024-12-07 22:18:19,981 - IPEvaluator - INFO - MOBILE 测试结果: {'latency': 20.0, 'loss': 0, 'available': True, 'node_id': '1290'}
2024-12-07 22:18:19,982 - IPEvaluator - INFO - MOBILE: 延迟=20.0ms, 阈值=300ms
2024-12-07 22:18:19,982 - IPEvaluator - INFO - 添加到 MOBILE 评估结果
2024-12-07 22:18:19,982 - IPEvaluator - INFO - OVERSEAS 测试结果: {'latency': 160.0, 'loss': 0, 'available': True, 'node_id': '1343'}
2024-12-07 22:18:19,982 - IPEvaluator - INFO - OVERSEAS: 延迟=160.0ms, 阈值=400ms
2024-12-07 22:18:19,983 - IPEvaluator - INFO - 添加到 OVERSEAS 评估结果
2024-12-07 22:18:19,983 - IPEvaluator - INFO - DEFAULT 线路评估: 平均延迟=115.0ms, 阈值=450ms
2024-12-07 22:18:19,983 - IPEvaluator - INFO - 添加到 DEFAULT 评估结果
2024-12-07 22:18:19,983 - IPEvaluator - INFO - TELECOM 评估结果: 2 个IP
2024-12-07 22:18:19,983 - IPEvaluator - INFO -   IP: 104.16.184.189, 延迟: 144.0ms
2024-12-07 22:18:19,984 - IPEvaluator - INFO -   IP: 104.17.182.13, 延迟: 158.0ms
2024-12-07 22:18:19,984 - IPEvaluator - INFO - UNICOM 评估结果: 2 个IP
2024-12-07 22:18:19,984 - IPEvaluator - INFO -   IP: 104.16.184.189, 延迟: 196.0ms
2024-12-07 22:18:19,984 - IPEvaluator - INFO -   IP: 104.17.182.13, 延迟: 122.0ms
2024-12-07 22:18:19,985 - IPEvaluator - INFO - MOBILE 评估结果: 2 个IP
2024-12-07 22:18:19,985 - IPEvaluator - INFO -   IP: 104.16.184.189, 延迟: 202.0ms
2024-12-07 22:18:19,985 - IPEvaluator - INFO -   IP: 104.17.182.13, 延迟: 20.0ms
2024-12-07 22:18:19,986 - IPEvaluator - INFO - OVERSEAS 评估结果: 2 个IP
2024-12-07 22:18:19,986 - IPEvaluator - INFO -   IP: 104.16.184.189, 延迟: 167.0ms
2024-12-07 22:18:19,986 - IPEvaluator - INFO -   IP: 104.17.182.13, 延迟: 160.0ms
2024-12-07 22:18:19,986 - IPEvaluator - INFO - DEFAULT 评估结果: 2 个IP
2024-12-07 22:18:19,986 - IPEvaluator - INFO -   IP: 104.16.184.189, 延迟: 177.25ms
2024-12-07 22:18:19,987 - IPEvaluator - INFO -   IP: 104.17.182.13, 延迟: 115.0ms
2024-12-07 22:22:39,616 - IPEvaluator - INFO - 
评估IP 172.67.162.230:
2024-12-07 22:22:39,616 - IPEvaluator - INFO - 测试结果详情: {
  "ip": "172.67.162.230",
  "status": "ok",
  "tests": {
    "TELECOM": {
      "latency": 217.0,
      "loss": 0,
      "available": true,
      "node_id": "1311"
    },
    "UNICOM": {
      "latency": 158.0,
      "loss": 0,
      "available": true,
      "node_id": "1277"
    },
    "MOBILE": {
      "latency": 131.0,
      "loss": 0,
      "available": true,
      "node_id": "1249"
    },
    "OVERSEAS": {
      "latency": 191.0,
      "loss": 0,
      "available": true,
      "node_id": "1345"
    }
  }
}
2024-12-07 22:22:39,617 - IPEvaluator - INFO - TELECOM 测试结果: {'latency': 217.0, 'loss': 0, 'available': True, 'node_id': '1311'}
2024-12-07 22:22:39,617 - IPEvaluator - INFO - TELECOM: 延迟=217.0ms, 阈值=300ms
2024-12-07 22:22:39,617 - IPEvaluator - INFO - 添加到 TELECOM 评估结果
2024-12-07 22:22:39,618 - IPEvaluator - INFO - UNICOM 测试结果: {'latency': 158.0, 'loss': 0, 'available': True, 'node_id': '1277'}
2024-12-07 22:22:39,618 - IPEvaluator - INFO - UNICOM: 延迟=158.0ms, 阈值=300ms
2024-12-07 22:22:39,618 - IPEvaluator - INFO - 添加到 UNICOM 评估结果
2024-12-07 22:22:39,618 - IPEvaluator - INFO - MOBILE 测试结果: {'latency': 131.0, 'loss': 0, 'available': True, 'node_id': '1249'}
2024-12-07 22:22:39,618 - IPEvaluator - INFO - MOBILE: 延迟=131.0ms, 阈值=300ms
2024-12-07 22:22:39,618 - IPEvaluator - INFO - 添加到 MOBILE 评估结果
2024-12-07 22:22:39,618 - IPEvaluator - INFO - OVERSEAS 测试结果: {'latency': 191.0, 'loss': 0, 'available': True, 'node_id': '1345'}
2024-12-07 22:22:39,618 - IPEvaluator - INFO - OVERSEAS: 延迟=191.0ms, 阈值=400ms
2024-12-07 22:22:39,618 - IPEvaluator - INFO - 添加到 OVERSEAS 评估结果
2024-12-07 22:22:39,619 - IPEvaluator - INFO - DEFAULT 线路评估: 平均延迟=174.25ms, 阈值=450ms
2024-12-07 22:22:39,619 - IPEvaluator - INFO - 添加到 DEFAULT 评估结果
2024-12-07 22:22:39,619 - IPEvaluator - INFO - 
评估IP 104.27.26.172:
2024-12-07 22:22:39,619 - IPEvaluator - INFO - 测试结果详情: {
  "ip": "104.27.26.172",
  "status": "ok",
  "tests": {
    "TELECOM": {
      "latency": 238.0,
      "loss": 0,
      "available": true,
      "node_id": "1304"
    },
    "UNICOM": {
      "latency": 192.0,
      "loss": 0,
      "available": true,
      "node_id": "1275"
    },
    "MOBILE": {
      "latency": 186.0,
      "loss": 0,
      "available": true,
      "node_id": "1249"
    },
    "OVERSEAS": {
      "latency": 190.0,
      "loss": 0,
      "available": true,
      "node_id": "1345"
    }
  }
}
2024-12-07 22:22:39,619 - IPEvaluator - INFO - TELECOM 测试结果: {'latency': 238.0, 'loss': 0, 'available': True, 'node_id': '1304'}
2024-12-07 22:22:39,619 - IPEvaluator - INFO - TELECOM: 延迟=238.0ms, 阈值=300ms
2024-12-07 22:22:39,619 - IPEvaluator - INFO - 添加到 TELECOM 评估结果
2024-12-07 22:22:39,619 - IPEvaluator - INFO - UNICOM 测试结果: {'latency': 192.0, 'loss': 0, 'available': True, 'node_id': '1275'}
2024-12-07 22:22:39,620 - IPEvaluator - INFO - UNICOM: 延迟=192.0ms, 阈值=300ms
2024-12-07 22:22:39,620 - IPEvaluator - INFO - 添加到 UNICOM 评估结果
2024-12-07 22:22:39,620 - IPEvaluator - INFO - MOBILE 测试结果: {'latency': 186.0, 'loss': 0, 'available': True, 'node_id': '1249'}
2024-12-07 22:22:39,620 - IPEvaluator - INFO - MOBILE: 延迟=186.0ms, 阈值=300ms
2024-12-07 22:22:39,620 - IPEvaluator - INFO - 添加到 MOBILE 评估结果
2024-12-07 22:22:39,620 - IPEvaluator - INFO - OVERSEAS 测试结果: {'latency': 190.0, 'loss': 0, 'available': True, 'node_id': '1345'}
2024-12-07 22:22:39,621 - IPEvaluator - INFO - OVERSEAS: 延迟=190.0ms, 阈值=400ms
2024-12-07 22:22:39,621 - IPEvaluator - INFO - 添加到 OVERSEAS 评估结果
2024-12-07 22:22:39,621 - IPEvaluator - INFO - DEFAULT 线路评估: 平均延迟=201.5ms, 阈值=450ms
2024-12-07 22:22:39,622 - IPEvaluator - INFO - 添加到 DEFAULT 评估结果
2024-12-07 22:22:39,622 - IPEvaluator - INFO - TELECOM 评估结果: 2 个IP
2024-12-07 22:22:39,622 - IPEvaluator - INFO -   IP: 172.67.162.230, 延迟: 217.0ms
2024-12-07 22:22:39,622 - IPEvaluator - INFO -   IP: 104.27.26.172, 延迟: 238.0ms
2024-12-07 22:22:39,623 - IPEvaluator - INFO - UNICOM 评估结果: 2 个IP
2024-12-07 22:22:39,624 - IPEvaluator - INFO -   IP: 172.67.162.230, 延迟: 158.0ms
2024-12-07 22:22:39,624 - IPEvaluator - INFO -   IP: 104.27.26.172, 延迟: 192.0ms
2024-12-07 22:22:39,624 - IPEvaluator - INFO - MOBILE 评估结果: 2 个IP
2024-12-07 22:22:39,624 - IPEvaluator - INFO -   IP: 172.67.162.230, 延迟: 131.0ms
2024-12-07 22:22:39,624 - IPEvaluator - INFO -   IP: 104.27.26.172, 延迟: 186.0ms
2024-12-07 22:22:39,625 - IPEvaluator - INFO - OVERSEAS 评估结果: 2 个IP
2024-12-07 22:22:39,625 - IPEvaluator - INFO -   IP: 172.67.162.230, 延迟: 191.0ms
2024-12-07 22:22:39,625 - IPEvaluator - INFO -   IP: 104.27.26.172, 延迟: 190.0ms
2024-12-07 22:22:39,625 - IPEvaluator - INFO - DEFAULT 评估结果: 2 个IP
2024-12-07 22:22:39,625 - IPEvaluator - INFO -   IP: 172.67.162.230, 延迟: 174.25ms
2024-12-07 22:22:39,626 - IPEvaluator - INFO -   IP: 104.27.26.172, 延迟: 201.5ms
2024-12-07 22:31:16,688 - IPEvaluator - INFO - 
评估IP 104.22.38.103:
2024-12-07 22:31:16,689 - IPEvaluator - INFO - 测试结果详情: {
  "ip": "104.22.38.103",
  "status": "ok",
  "tests": {
    "TELECOM": {
      "latency": 241.0,
      "loss": 0,
      "available": true,
      "node_id": "1304"
    },
    "UNICOM": {
      "latency": 182.0,
      "loss": 0,
      "available": true,
      "node_id": "1273"
    },
    "MOBILE": {
      "latency": 198.0,
      "loss": 0,
      "available": true,
      "node_id": "1287"
    },
    "OVERSEAS": {
      "latency": 223.0,
      "loss": 0,
      "available": true,
      "node_id": "1340"
    }
  }
}
2024-12-07 22:31:16,690 - IPEvaluator - INFO - TELECOM 测试结果: {'latency': 241.0, 'loss': 0, 'available': True, 'node_id': '1304'}
2024-12-07 22:31:16,690 - IPEvaluator - INFO - TELECOM: 延迟=241.0ms, 阈值=300ms
2024-12-07 22:31:16,690 - IPEvaluator - INFO - 添加到 TELECOM 评估结果
2024-12-07 22:31:16,691 - IPEvaluator - INFO - UNICOM 测试结果: {'latency': 182.0, 'loss': 0, 'available': True, 'node_id': '1273'}
2024-12-07 22:31:16,691 - IPEvaluator - INFO - UNICOM: 延迟=182.0ms, 阈值=300ms
2024-12-07 22:31:16,691 - IPEvaluator - INFO - 添加到 UNICOM 评估结果
2024-12-07 22:31:16,691 - IPEvaluator - INFO - MOBILE 测试结果: {'latency': 198.0, 'loss': 0, 'available': True, 'node_id': '1287'}
2024-12-07 22:31:16,691 - IPEvaluator - INFO - MOBILE: 延迟=198.0ms, 阈值=300ms
2024-12-07 22:31:16,692 - IPEvaluator - INFO - 添加到 MOBILE 评估结果
2024-12-07 22:31:16,692 - IPEvaluator - INFO - OVERSEAS 测试结果: {'latency': 223.0, 'loss': 0, 'available': True, 'node_id': '1340'}
2024-12-07 22:31:16,692 - IPEvaluator - INFO - OVERSEAS: 延迟=223.0ms, 阈值=400ms
2024-12-07 22:31:16,693 - IPEvaluator - INFO - 添加到 OVERSEAS 评估结果
2024-12-07 22:31:16,693 - IPEvaluator - INFO - DEFAULT 线路评估: 平均延迟=211.0ms, 阈值=450ms
2024-12-07 22:31:16,694 - IPEvaluator - INFO - 添加到 DEFAULT 评估结果
2024-12-07 22:31:16,695 - IPEvaluator - INFO - 
评估IP 172.64.176.219:
2024-12-07 22:31:16,696 - IPEvaluator - INFO - 测试结果详情: {
  "ip": "172.64.176.219",
  "status": "ok",
  "tests": {}
}
2024-12-07 22:31:16,696 - IPEvaluator - INFO - TELECOM 评估结果: 1 个IP
2024-12-07 22:31:16,697 - IPEvaluator - INFO -   IP: 104.22.38.103, 延迟: 241.0ms
2024-12-07 22:31:16,697 - IPEvaluator - INFO - UNICOM 评估结果: 1 个IP
2024-12-07 22:31:16,697 - IPEvaluator - INFO -   IP: 104.22.38.103, 延迟: 182.0ms
2024-12-07 22:31:16,697 - IPEvaluator - INFO - MOBILE 评估结果: 1 个IP
2024-12-07 22:31:16,697 - IPEvaluator - INFO -   IP: 104.22.38.103, 延迟: 198.0ms
2024-12-07 22:31:16,697 - IPEvaluator - INFO - OVERSEAS 评估结果: 1 个IP
2024-12-07 22:31:16,697 - IPEvaluator - INFO -   IP: 104.22.38.103, 延迟: 223.0ms
2024-12-07 22:31:16,697 - IPEvaluator - INFO - DEFAULT 评估结果: 1 个IP
2024-12-07 22:31:16,698 - IPEvaluator - INFO -   IP: 104.22.38.103, 延迟: 211.0ms
2024-12-07 22:40:48,641 - IPEvaluator - INFO - 
评估IP 104.25.253.135:
2024-12-07 22:40:48,641 - IPEvaluator - INFO - 测试结果详情: {
  "ip": "104.25.253.135",
  "status": "ok",
  "tests": {
    "TELECOM": {
      "latency": 224.0,
      "loss": 0,
      "available": true,
      "node_id": "1310"
    },
    "UNICOM": {
      "latency": 189.0,
      "loss": 0,
      "available": true,
      "node_id": "1226"
    }
  }
}
2024-12-07 22:40:48,642 - IPEvaluator - INFO - TELECOM 测试结果: {'latency': 224.0, 'loss': 0, 'available': True, 'node_id': '1310'}
2024-12-07 22:40:48,642 - IPEvaluator - INFO - TELECOM: 延迟=224.0ms, 阈值=300ms
2024-12-07 22:40:48,642 - IPEvaluator - INFO - 添加到 TELECOM 评估结果
2024-12-07 22:40:48,642 - IPEvaluator - INFO - UNICOM 测试结果: {'latency': 189.0, 'loss': 0, 'available': True, 'node_id': '1226'}
2024-12-07 22:40:48,643 - IPEvaluator - INFO - UNICOM: 延迟=189.0ms, 阈值=300ms
2024-12-07 22:40:48,643 - IPEvaluator - INFO - 添加到 UNICOM 评估结果
2024-12-07 22:40:48,643 - IPEvaluator - INFO - DEFAULT 线路评估: 平均延迟=206.5ms, 阈值=450ms
2024-12-07 22:40:48,644 - IPEvaluator - INFO - 添加到 DEFAULT 评估结果
2024-12-07 22:40:48,644 - IPEvaluator - INFO - 
评估IP 172.66.59.19:
2024-12-07 22:40:48,644 - IPEvaluator - INFO - 测试结果详情: {
  "ip": "172.66.59.19",
  "status": "ok",
  "tests": {}
}
2024-12-07 22:40:48,644 - IPEvaluator - INFO - TELECOM 评估结果: 1 个IP
2024-12-07 22:40:48,645 - IPEvaluator - INFO -   IP: 104.25.253.135, 延迟: 224.0ms
2024-12-07 22:40:48,645 - IPEvaluator - INFO - UNICOM 评估结果: 1 个IP
2024-12-07 22:40:48,645 - IPEvaluator - INFO -   IP: 104.25.253.135, 延迟: 189.0ms
2024-12-07 22:40:48,645 - IPEvaluator - INFO - MOBILE 评估结果: 0 个IP
2024-12-07 22:40:48,646 - IPEvaluator - INFO - OVERSEAS 评估结果: 0 个IP
2024-12-07 22:40:48,646 - IPEvaluator - INFO - DEFAULT 评估结果: 1 个IP
2024-12-07 22:40:48,646 - IPEvaluator - INFO -   IP: 104.25.253.135, 延迟: 206.5ms
2024-12-07 22:46:33,230 - IPEvaluator - INFO - 
评估IP 172.66.215.173:
2024-12-07 22:46:33,231 - IPEvaluator - INFO - 测试结果详情: {
  "ip": "172.66.215.173",
  "status": "ok",
  "tests": {
    "TELECOM": {
      "latency": 247.0,
      "loss": 0,
      "available": true,
      "node_id": "1304"
    },
    "UNICOM": {
      "latency": 183.0,
      "loss": 0,
      "available": true,
      "node_id": "1276"
    },
    "MOBILE": {
      "latency": 178.0,
      "loss": 0,
      "available": true,
      "node_id": "1294"
    }
  }
}
2024-12-07 22:46:33,232 - IPEvaluator - INFO - TELECOM 测试结果: {'latency': 247.0, 'loss': 0, 'available': True, 'node_id': '1304'}
2024-12-07 22:46:33,232 - IPEvaluator - INFO - TELECOM: 延迟=247.0ms, 阈值=300ms
2024-12-07 22:46:33,232 - IPEvaluator - INFO - 添加到 TELECOM 评估结果
2024-12-07 22:46:33,233 - IPEvaluator - INFO - UNICOM 测试结果: {'latency': 183.0, 'loss': 0, 'available': True, 'node_id': '1276'}
2024-12-07 22:46:33,233 - IPEvaluator - INFO - UNICOM: 延迟=183.0ms, 阈值=300ms
2024-12-07 22:46:33,233 - IPEvaluator - INFO - 添加到 UNICOM 评估结果
2024-12-07 22:46:33,233 - IPEvaluator - INFO - MOBILE 测试结果: {'latency': 178.0, 'loss': 0, 'available': True, 'node_id': '1294'}
2024-12-07 22:46:33,233 - IPEvaluator - INFO - MOBILE: 延迟=178.0ms, 阈值=300ms
2024-12-07 22:46:33,234 - IPEvaluator - INFO - 添加到 MOBILE 评估结果
2024-12-07 22:46:33,234 - IPEvaluator - INFO - DEFAULT 线路评估: 平均延迟=202.66666666666666ms, 阈值=450ms
2024-12-07 22:46:33,234 - IPEvaluator - INFO - 添加到 DEFAULT 评估结果
2024-12-07 22:46:33,235 - IPEvaluator - INFO - 
评估IP 104.24.197.188:
2024-12-07 22:46:33,235 - IPEvaluator - INFO - 测试结果详情: {
  "ip": "104.24.197.188",
  "status": "ok",
  "tests": {
    "TELECOM": {
      "latency": 203.0,
      "loss": 0,
      "available": true,
      "node_id": "1214"
    },
    "UNICOM": {
      "latency": 169.0,
      "loss": 0,
      "available": true,
      "node_id": "1264"
    },
    "MOBILE": {
      "latency": 182.0,
      "loss": 0,
      "available": true,
      "node_id": "1250"
    },
    "OVERSEAS": {
      "latency": 196.0,
      "loss": 0,
      "available": true,
      "node_id": "1345"
    }
  }
}
2024-12-07 22:46:33,239 - IPEvaluator - INFO - TELECOM 测试结果: {'latency': 203.0, 'loss': 0, 'available': True, 'node_id': '1214'}
2024-12-07 22:46:33,239 - IPEvaluator - INFO - TELECOM: 延迟=203.0ms, 阈值=300ms
2024-12-07 22:46:33,240 - IPEvaluator - INFO - 添加到 TELECOM 评估结果
2024-12-07 22:46:33,240 - IPEvaluator - INFO - UNICOM 测试结果: {'latency': 169.0, 'loss': 0, 'available': True, 'node_id': '1264'}
2024-12-07 22:46:33,240 - IPEvaluator - INFO - UNICOM: 延迟=169.0ms, 阈值=300ms
2024-12-07 22:46:33,240 - IPEvaluator - INFO - 添加到 UNICOM 评估结果
2024-12-07 22:46:33,240 - IPEvaluator - INFO - MOBILE 测试结果: {'latency': 182.0, 'loss': 0, 'available': True, 'node_id': '1250'}
2024-12-07 22:46:33,240 - IPEvaluator - INFO - MOBILE: 延迟=182.0ms, 阈值=300ms
2024-12-07 22:46:33,241 - IPEvaluator - INFO - 添加到 MOBILE 评估结果
2024-12-07 22:46:33,241 - IPEvaluator - INFO - OVERSEAS 测试结果: {'latency': 196.0, 'loss': 0, 'available': True, 'node_id': '1345'}
2024-12-07 22:46:33,241 - IPEvaluator - INFO - OVERSEAS: 延迟=196.0ms, 阈值=400ms
2024-12-07 22:46:33,242 - IPEvaluator - INFO - 添加到 OVERSEAS 评估结果
2024-12-07 22:46:33,242 - IPEvaluator - INFO - DEFAULT 线路评估: 平均延迟=187.5ms, 阈值=450ms
2024-12-07 22:46:33,242 - IPEvaluator - INFO - 添加到 DEFAULT 评估结果
2024-12-07 22:46:33,243 - IPEvaluator - INFO - TELECOM 评估结果: 2 个IP
2024-12-07 22:46:33,243 - IPEvaluator - INFO -   IP: 172.66.215.173, 延迟: 247.0ms
2024-12-07 22:46:33,244 - IPEvaluator - INFO -   IP: 104.24.197.188, 延迟: 203.0ms
2024-12-07 22:46:33,244 - IPEvaluator - INFO - UNICOM 评估结果: 2 个IP
2024-12-07 22:46:33,244 - IPEvaluator - INFO -   IP: 172.66.215.173, 延迟: 183.0ms
2024-12-07 22:46:33,245 - IPEvaluator - INFO -   IP: 104.24.197.188, 延迟: 169.0ms
2024-12-07 22:46:33,245 - IPEvaluator - INFO - MOBILE 评估结果: 2 个IP
2024-12-07 22:46:33,245 - IPEvaluator - INFO -   IP: 172.66.215.173, 延迟: 178.0ms
2024-12-07 22:46:33,246 - IPEvaluator - INFO -   IP: 104.24.197.188, 延迟: 182.0ms
2024-12-07 22:46:33,246 - IPEvaluator - INFO - OVERSEAS 评估结果: 1 个IP
2024-12-07 22:46:33,247 - IPEvaluator - INFO -   IP: 104.24.197.188, 延迟: 196.0ms
2024-12-07 22:46:33,247 - IPEvaluator - INFO - DEFAULT 评估结果: 2 个IP
2024-12-07 22:46:33,248 - IPEvaluator - INFO -   IP: 172.66.215.173, 延迟: 202.66666666666666ms
2024-12-07 22:46:33,248 - IPEvaluator - INFO -   IP: 104.24.197.188, 延迟: 187.5ms
2024-12-07 22:55:57,096 - IPEvaluator - INFO - 
评估IP 104.24.137.99:
2024-12-07 22:55:57,096 - IPEvaluator - INFO - 测试结果详情: {
  "ip": "104.24.137.99",
  "status": "ok",
  "tests": {
    "TELECOM": {
      "latency": 238.0,
      "loss": 0,
      "available": true,
      "node_id": "1304"
    },
    "UNICOM": {
      "latency": 161.0,
      "loss": 0,
      "available": true,
      "node_id": "1278"
    },
    "MOBILE": {
      "latency": 184.0,
      "loss": 0,
      "available": true,
      "node_id": "1245"
    },
    "OVERSEAS": {
      "latency": 208.0,
      "loss": 0,
      "available": true,
      "node_id": "1345"
    }
  }
}
2024-12-07 22:55:57,096 - IPEvaluator - INFO - TELECOM 测试结果: {'latency': 238.0, 'loss': 0, 'available': True, 'node_id': '1304'}
2024-12-07 22:55:57,097 - IPEvaluator - INFO - TELECOM: 延迟=238.0ms, 阈值=300ms
2024-12-07 22:55:57,097 - IPEvaluator - INFO - 添加到 TELECOM 评估结果
2024-12-07 22:55:57,097 - IPEvaluator - INFO - UNICOM 测试结果: {'latency': 161.0, 'loss': 0, 'available': True, 'node_id': '1278'}
2024-12-07 22:55:57,098 - IPEvaluator - INFO - UNICOM: 延迟=161.0ms, 阈值=300ms
2024-12-07 22:55:57,098 - IPEvaluator - INFO - 添加到 UNICOM 评估结果
2024-12-07 22:55:57,098 - IPEvaluator - INFO - MOBILE 测试结果: {'latency': 184.0, 'loss': 0, 'available': True, 'node_id': '1245'}
2024-12-07 22:55:57,098 - IPEvaluator - INFO - MOBILE: 延迟=184.0ms, 阈值=300ms
2024-12-07 22:55:57,098 - IPEvaluator - INFO - 添加到 MOBILE 评估结果
2024-12-07 22:55:57,098 - IPEvaluator - INFO - OVERSEAS 测试结果: {'latency': 208.0, 'loss': 0, 'available': True, 'node_id': '1345'}
2024-12-07 22:55:57,098 - IPEvaluator - INFO - OVERSEAS: 延迟=208.0ms, 阈值=400ms
2024-12-07 22:55:57,099 - IPEvaluator - INFO - 添加到 OVERSEAS 评估结果
2024-12-07 22:55:57,099 - IPEvaluator - INFO - DEFAULT 线路评估: 平均延迟=197.75ms, 阈值=450ms
2024-12-07 22:55:57,099 - IPEvaluator - INFO - 添加到 DEFAULT 评估结果
2024-12-07 22:55:57,099 - IPEvaluator - INFO - 
评估IP 104.19.156.61:
2024-12-07 22:55:57,099 - IPEvaluator - INFO - 测试结果详情: {
  "ip": "104.19.156.61",
  "status": "ok",
  "tests": {
    "TELECOM": {
      "latency": 158.0,
      "loss": 0,
      "available": true,
      "node_id": "1135"
    },
    "UNICOM": {
      "latency": 205.0,
      "loss": 0,
      "available": true,
      "node_id": "1226"
    },
    "MOBILE": {
      "latency": 25.0,
      "loss": 0,
      "available": true,
      "node_id": "1290"
    },
    "OVERSEAS": {
      "latency": 166.0,
      "loss": 0,
      "available": true,
      "node_id": "1340"
    }
  }
}
2024-12-07 22:55:57,100 - IPEvaluator - INFO - TELECOM 测试结果: {'latency': 158.0, 'loss': 0, 'available': True, 'node_id': '1135'}
2024-12-07 22:55:57,100 - IPEvaluator - INFO - TELECOM: 延迟=158.0ms, 阈值=300ms
2024-12-07 22:55:57,100 - IPEvaluator - INFO - 添加到 TELECOM 评估结果
2024-12-07 22:55:57,101 - IPEvaluator - INFO - UNICOM 测试结果: {'latency': 205.0, 'loss': 0, 'available': True, 'node_id': '1226'}
2024-12-07 22:55:57,101 - IPEvaluator - INFO - UNICOM: 延迟=205.0ms, 阈值=300ms
2024-12-07 22:55:57,101 - IPEvaluator - INFO - 添加到 UNICOM 评估结果
2024-12-07 22:55:57,101 - IPEvaluator - INFO - MOBILE 测试结果: {'latency': 25.0, 'loss': 0, 'available': True, 'node_id': '1290'}
2024-12-07 22:55:57,102 - IPEvaluator - INFO - MOBILE: 延迟=25.0ms, 阈值=300ms
2024-12-07 22:55:57,103 - IPEvaluator - INFO - 添加到 MOBILE 评估结果
2024-12-07 22:55:57,104 - IPEvaluator - INFO - OVERSEAS 测试结果: {'latency': 166.0, 'loss': 0, 'available': True, 'node_id': '1340'}
2024-12-07 22:55:57,105 - IPEvaluator - INFO - OVERSEAS: 延迟=166.0ms, 阈值=400ms
2024-12-07 22:55:57,105 - IPEvaluator - INFO - 添加到 OVERSEAS 评估结果
2024-12-07 22:55:57,105 - IPEvaluator - INFO - DEFAULT 线路评估: 平均延迟=138.5ms, 阈值=450ms
2024-12-07 22:55:57,106 - IPEvaluator - INFO - 添加到 DEFAULT 评估结果
2024-12-07 22:55:57,106 - IPEvaluator - INFO - TELECOM 评估结果: 2 个IP
2024-12-07 22:55:57,106 - IPEvaluator - INFO -   IP: 104.24.137.99, 延迟: 238.0ms
2024-12-07 22:55:57,106 - IPEvaluator - INFO -   IP: 104.19.156.61, 延迟: 158.0ms
2024-12-07 22:55:57,106 - IPEvaluator - INFO - UNICOM 评估结果: 2 个IP
2024-12-07 22:55:57,107 - IPEvaluator - INFO -   IP: 104.24.137.99, 延迟: 161.0ms
2024-12-07 22:55:57,107 - IPEvaluator - INFO -   IP: 104.19.156.61, 延迟: 205.0ms
2024-12-07 22:55:57,107 - IPEvaluator - INFO - MOBILE 评估结果: 2 个IP
2024-12-07 22:55:57,107 - IPEvaluator - INFO -   IP: 104.24.137.99, 延迟: 184.0ms
2024-12-07 22:55:57,107 - IPEvaluator - INFO -   IP: 104.19.156.61, 延迟: 25.0ms
2024-12-07 22:55:57,107 - IPEvaluator - INFO - OVERSEAS 评估结果: 2 个IP
2024-12-07 22:55:57,107 - IPEvaluator - INFO -   IP: 104.24.137.99, 延迟: 208.0ms
2024-12-07 22:55:57,107 - IPEvaluator - INFO -   IP: 104.19.156.61, 延迟: 166.0ms
2024-12-07 22:55:57,107 - IPEvaluator - INFO - DEFAULT 评估结果: 2 个IP
2024-12-07 22:55:57,107 - IPEvaluator - INFO -   IP: 104.24.137.99, 延迟: 197.75ms
2024-12-07 22:55:57,108 - IPEvaluator - INFO -   IP: 104.19.156.61, 延迟: 138.5ms
2024-12-07 22:59:41,334 - IPEvaluator - INFO - 
评估IP 172.67.173.49:
2024-12-07 22:59:41,334 - IPEvaluator - INFO - 测试结果详情: {
  "ip": "172.67.173.49",
  "status": "ok",
  "tests": {
    "TELECOM": {
      "latency": 203.0,
      "loss": 0,
      "available": true,
      "node_id": "1214"
    },
    "UNICOM": {
      "latency": 180.0,
      "loss": 0,
      "available": true,
      "node_id": "1275"
    },
    "MOBILE": {
      "latency": 163.0,
      "loss": 0,
      "available": true,
      "node_id": "1287"
    },
    "OVERSEAS": {
      "latency": 226.0,
      "loss": 0,
      "available": true,
      "node_id": "1343"
    }
  }
}
2024-12-07 22:59:41,335 - IPEvaluator - INFO - TELECOM 测试结果: {'latency': 203.0, 'loss': 0, 'available': True, 'node_id': '1214'}
2024-12-07 22:59:41,335 - IPEvaluator - INFO - TELECOM: 延迟=203.0ms, 阈值=300ms
2024-12-07 22:59:41,335 - IPEvaluator - INFO - 添加到 TELECOM 评估结果
2024-12-07 22:59:41,335 - IPEvaluator - INFO - UNICOM 测试结果: {'latency': 180.0, 'loss': 0, 'available': True, 'node_id': '1275'}
2024-12-07 22:59:41,336 - IPEvaluator - INFO - UNICOM: 延迟=180.0ms, 阈值=300ms
2024-12-07 22:59:41,336 - IPEvaluator - INFO - 添加到 UNICOM 评估结果
2024-12-07 22:59:41,336 - IPEvaluator - INFO - MOBILE 测试结果: {'latency': 163.0, 'loss': 0, 'available': True, 'node_id': '1287'}
2024-12-07 22:59:41,336 - IPEvaluator - INFO - MOBILE: 延迟=163.0ms, 阈值=300ms
2024-12-07 22:59:41,336 - IPEvaluator - INFO - 添加到 MOBILE 评估结果
2024-12-07 22:59:41,336 - IPEvaluator - INFO - OVERSEAS 测试结果: {'latency': 226.0, 'loss': 0, 'available': True, 'node_id': '1343'}
2024-12-07 22:59:41,336 - IPEvaluator - INFO - OVERSEAS: 延迟=226.0ms, 阈值=400ms
2024-12-07 22:59:41,336 - IPEvaluator - INFO - 添加到 OVERSEAS 评估结果
2024-12-07 22:59:41,337 - IPEvaluator - INFO - DEFAULT 线路评估: 平均延迟=193.0ms, 阈值=450ms
2024-12-07 22:59:41,337 - IPEvaluator - INFO - 添加到 DEFAULT 评估结果
2024-12-07 22:59:41,337 - IPEvaluator - INFO - 
评估IP 104.20.198.4:
2024-12-07 22:59:41,337 - IPEvaluator - INFO - 测试结果详情: {
  "ip": "104.20.198.4",
  "status": "ok",
  "tests": {
    "TELECOM": {
      "latency": 214.0,
      "loss": 0,
      "available": true,
      "node_id": "1132"
    },
    "UNICOM": {
      "latency": 183.0,
      "loss": 0,
      "available": true,
      "node_id": "1226"
    },
    "MOBILE": {
      "latency": 181.0,
      "loss": 0,
      "available": true,
      "node_id": "1249"
    },
    "OVERSEAS": {
      "latency": 234.0,
      "loss": 0,
      "available": true,
      "node_id": "1345"
    }
  }
}
2024-12-07 22:59:41,337 - IPEvaluator - INFO - TELECOM 测试结果: {'latency': 214.0, 'loss': 0, 'available': True, 'node_id': '1132'}
2024-12-07 22:59:41,337 - IPEvaluator - INFO - TELECOM: 延迟=214.0ms, 阈值=300ms
2024-12-07 22:59:41,337 - IPEvaluator - INFO - 添加到 TELECOM 评估结果
2024-12-07 22:59:41,337 - IPEvaluator - INFO - UNICOM 测试结果: {'latency': 183.0, 'loss': 0, 'available': True, 'node_id': '1226'}
2024-12-07 22:59:41,338 - IPEvaluator - INFO - UNICOM: 延迟=183.0ms, 阈值=300ms
2024-12-07 22:59:41,338 - IPEvaluator - INFO - 添加到 UNICOM 评估结果
2024-12-07 22:59:41,338 - IPEvaluator - INFO - MOBILE 测试结果: {'latency': 181.0, 'loss': 0, 'available': True, 'node_id': '1249'}
2024-12-07 22:59:41,338 - IPEvaluator - INFO - MOBILE: 延迟=181.0ms, 阈值=300ms
2024-12-07 22:59:41,338 - IPEvaluator - INFO - 添加到 MOBILE 评估结果
2024-12-07 22:59:41,338 - IPEvaluator - INFO - OVERSEAS 测试结果: {'latency': 234.0, 'loss': 0, 'available': True, 'node_id': '1345'}
2024-12-07 22:59:41,338 - IPEvaluator - INFO - OVERSEAS: 延迟=234.0ms, 阈值=400ms
2024-12-07 22:59:41,338 - IPEvaluator - INFO - 添加到 OVERSEAS 评估结果
2024-12-07 22:59:41,339 - IPEvaluator - INFO - DEFAULT 线路评估: 平均延迟=203.0ms, 阈值=450ms
2024-12-07 22:59:41,339 - IPEvaluator - INFO - 添加到 DEFAULT 评估结果
2024-12-07 22:59:41,339 - IPEvaluator - INFO - TELECOM 评估结果: 2 个IP
2024-12-07 22:59:41,339 - IPEvaluator - INFO -   IP: 172.67.173.49, 延迟: 203.0ms
2024-12-07 22:59:41,339 - IPEvaluator - INFO -   IP: 104.20.198.4, 延迟: 214.0ms
2024-12-07 22:59:41,339 - IPEvaluator - INFO - UNICOM 评估结果: 2 个IP
2024-12-07 22:59:41,340 - IPEvaluator - INFO -   IP: 172.67.173.49, 延迟: 180.0ms
2024-12-07 22:59:41,340 - IPEvaluator - INFO -   IP: 104.20.198.4, 延迟: 183.0ms
2024-12-07 22:59:41,340 - IPEvaluator - INFO - MOBILE 评估结果: 2 个IP
2024-12-07 22:59:41,340 - IPEvaluator - INFO -   IP: 172.67.173.49, 延迟: 163.0ms
2024-12-07 22:59:41,340 - IPEvaluator - INFO -   IP: 104.20.198.4, 延迟: 181.0ms
2024-12-07 22:59:41,341 - IPEvaluator - INFO - OVERSEAS 评估结果: 2 个IP
2024-12-07 22:59:41,341 - IPEvaluator - INFO -   IP: 172.67.173.49, 延迟: 226.0ms
2024-12-07 22:59:41,341 - IPEvaluator - INFO -   IP: 104.20.198.4, 延迟: 234.0ms
2024-12-07 22:59:41,342 - IPEvaluator - INFO - DEFAULT 评估结果: 2 个IP
2024-12-07 22:59:41,342 - IPEvaluator - INFO -   IP: 172.67.173.49, 延迟: 193.0ms
2024-12-07 22:59:41,342 - IPEvaluator - INFO -   IP: 104.20.198.4, 延迟: 203.0ms
2024-12-07 23:10:35,055 - IPEvaluator - INFO - 
评估IP 104.16.183.244:
2024-12-07 23:10:35,055 - IPEvaluator - INFO - 测试结果详情: {
  "ip": "104.16.183.244",
  "status": "ok",
  "tests": {
    "TELECOM": {
      "latency": 151.0,
      "loss": 0,
      "available": true,
      "node_id": "1312"
    },
    "UNICOM": {
      "latency": 164.0,
      "loss": 0,
      "available": true,
      "node_id": "1278"
    },
    "MOBILE": {
      "latency": 176.0,
      "loss": 0,
      "available": true,
      "node_id": "1294"
    },
    "OVERSEAS": {
      "latency": 159.0,
      "loss": 0,
      "available": true,
      "node_id": "1343"
    }
  }
}
2024-12-07 23:10:35,057 - IPEvaluator - INFO - TELECOM 测试结果: {'latency': 151.0, 'loss': 0, 'available': True, 'node_id': '1312'}
2024-12-07 23:10:35,057 - IPEvaluator - INFO - TELECOM: 延迟=151.0ms, 阈值=300ms
2024-12-07 23:10:35,057 - IPEvaluator - INFO - 添加到 TELECOM 评估结果
2024-12-07 23:10:35,058 - IPEvaluator - INFO - UNICOM 测试结果: {'latency': 164.0, 'loss': 0, 'available': True, 'node_id': '1278'}
2024-12-07 23:10:35,058 - IPEvaluator - INFO - UNICOM: 延迟=164.0ms, 阈值=300ms
2024-12-07 23:10:35,058 - IPEvaluator - INFO - 添加到 UNICOM 评估结果
2024-12-07 23:10:35,058 - IPEvaluator - INFO - MOBILE 测试结果: {'latency': 176.0, 'loss': 0, 'available': True, 'node_id': '1294'}
2024-12-07 23:10:35,058 - IPEvaluator - INFO - MOBILE: 延迟=176.0ms, 阈值=300ms
2024-12-07 23:10:35,058 - IPEvaluator - INFO - 添加到 MOBILE 评估结果
2024-12-07 23:10:35,058 - IPEvaluator - INFO - OVERSEAS 测试结果: {'latency': 159.0, 'loss': 0, 'available': True, 'node_id': '1343'}
2024-12-07 23:10:35,058 - IPEvaluator - INFO - OVERSEAS: 延迟=159.0ms, 阈值=400ms
2024-12-07 23:10:35,058 - IPEvaluator - INFO - 添加到 OVERSEAS 评估结果
2024-12-07 23:10:35,059 - IPEvaluator - INFO - DEFAULT 线路评估: 平均延迟=162.5ms, 阈值=450ms
2024-12-07 23:10:35,059 - IPEvaluator - INFO - 添加到 DEFAULT 评估结果
2024-12-07 23:10:35,059 - IPEvaluator - INFO - 
评估IP 104.18.74.47:
2024-12-07 23:10:35,059 - IPEvaluator - INFO - 测试结果详情: {
  "ip": "104.18.74.47",
  "status": "ok",
  "tests": {
    "TELECOM": {
      "latency": 142.0,
      "loss": 0,
      "available": true,
      "node_id": "1310"
    },
    "UNICOM": {
      "latency": 147.0,
      "loss": 0,
      "available": true,
      "node_id": "1254"
    },
    "MOBILE": {
      "latency": 162.0,
      "loss": 0,
      "available": true,
      "node_id": "1249"
    },
    "OVERSEAS": {
      "latency": 160.0,
      "loss": 0,
      "available": true,
      "node_id": "1340"
    }
  }
}
2024-12-07 23:10:35,059 - IPEvaluator - INFO - TELECOM 测试结果: {'latency': 142.0, 'loss': 0, 'available': True, 'node_id': '1310'}
2024-12-07 23:10:35,059 - IPEvaluator - INFO - TELECOM: 延迟=142.0ms, 阈值=300ms
2024-12-07 23:10:35,060 - IPEvaluator - INFO - 添加到 TELECOM 评估结果
2024-12-07 23:10:35,060 - IPEvaluator - INFO - UNICOM 测试结果: {'latency': 147.0, 'loss': 0, 'available': True, 'node_id': '1254'}
2024-12-07 23:10:35,060 - IPEvaluator - INFO - UNICOM: 延迟=147.0ms, 阈值=300ms
2024-12-07 23:10:35,060 - IPEvaluator - INFO - 添加到 UNICOM 评估结果
2024-12-07 23:10:35,060 - IPEvaluator - INFO - MOBILE 测试结果: {'latency': 162.0, 'loss': 0, 'available': True, 'node_id': '1249'}
2024-12-07 23:10:35,060 - IPEvaluator - INFO - MOBILE: 延迟=162.0ms, 阈值=300ms
2024-12-07 23:10:35,060 - IPEvaluator - INFO - 添加到 MOBILE 评估结果
2024-12-07 23:10:35,061 - IPEvaluator - INFO - OVERSEAS 测试结果: {'latency': 160.0, 'loss': 0, 'available': True, 'node_id': '1340'}
2024-12-07 23:10:35,061 - IPEvaluator - INFO - OVERSEAS: 延迟=160.0ms, 阈值=400ms
2024-12-07 23:10:35,061 - IPEvaluator - INFO - 添加到 OVERSEAS 评估结果
2024-12-07 23:10:35,061 - IPEvaluator - INFO - DEFAULT 线路评估: 平均延迟=152.75ms, 阈值=450ms
2024-12-07 23:10:35,062 - IPEvaluator - INFO - 添加到 DEFAULT 评估结果
2024-12-07 23:10:35,062 - IPEvaluator - INFO - TELECOM 评估结果: 2 个IP
2024-12-07 23:10:35,062 - IPEvaluator - INFO -   IP: 104.16.183.244, 延迟: 151.0ms
2024-12-07 23:10:35,062 - IPEvaluator - INFO -   IP: 104.18.74.47, 延迟: 142.0ms
2024-12-07 23:10:35,063 - IPEvaluator - INFO - UNICOM 评估结果: 2 个IP
2024-12-07 23:10:35,063 - IPEvaluator - INFO -   IP: 104.16.183.244, 延迟: 164.0ms
2024-12-07 23:10:35,064 - IPEvaluator - INFO -   IP: 104.18.74.47, 延迟: 147.0ms
2024-12-07 23:10:35,064 - IPEvaluator - INFO - MOBILE 评估结果: 2 个IP
2024-12-07 23:10:35,064 - IPEvaluator - INFO -   IP: 104.16.183.244, 延迟: 176.0ms
2024-12-07 23:10:35,064 - IPEvaluator - INFO -   IP: 104.18.74.47, 延迟: 162.0ms
2024-12-07 23:10:35,064 - IPEvaluator - INFO - OVERSEAS 评估结果: 2 个IP
2024-12-07 23:10:35,065 - IPEvaluator - INFO -   IP: 104.16.183.244, 延迟: 159.0ms
2024-12-07 23:10:35,065 - IPEvaluator - INFO -   IP: 104.18.74.47, 延迟: 160.0ms
2024-12-07 23:10:35,065 - IPEvaluator - INFO - DEFAULT 评估结果: 2 个IP
2024-12-07 23:10:35,065 - IPEvaluator - INFO -   IP: 104.16.183.244, 延迟: 162.5ms
2024-12-07 23:10:35,065 - IPEvaluator - INFO -   IP: 104.18.74.47, 延迟: 152.75ms
2024-12-07 23:16:41,554 - IPEvaluator - INFO - 
评估IP 172.67.239.88:
2024-12-07 23:16:41,554 - IPEvaluator - INFO - 测试结果详情: {
  "ip": "172.67.239.88",
  "status": "ok",
  "tests": {
    "TELECOM": {
      "latency": 155.0,
      "loss": 0,
      "available": true,
      "node_id": "1132"
    },
    "UNICOM": {
      "latency": 181.0,
      "loss": 0,
      "available": true,
      "node_id": "1276"
    },
    "MOBILE": {
      "latency": 174.0,
      "loss": 0,
      "available": true,
      "node_id": "1249"
    },
    "OVERSEAS": {
      "latency": 230.0,
      "loss": 0,
      "available": true,
      "node_id": "1340"
    }
  }
}
2024-12-07 23:16:41,556 - IPEvaluator - INFO - TELECOM 测试结果: {'latency': 155.0, 'loss': 0, 'available': True, 'node_id': '1132'}
2024-12-07 23:16:41,556 - IPEvaluator - INFO - TELECOM: 延迟=155.0ms, 阈值=300ms
2024-12-07 23:16:41,556 - IPEvaluator - INFO - 添加到 TELECOM 评估结果
2024-12-07 23:16:41,556 - IPEvaluator - INFO - UNICOM 测试结果: {'latency': 181.0, 'loss': 0, 'available': True, 'node_id': '1276'}
2024-12-07 23:16:41,556 - IPEvaluator - INFO - UNICOM: 延迟=181.0ms, 阈值=300ms
2024-12-07 23:16:41,557 - IPEvaluator - INFO - 添加到 UNICOM 评估结果
2024-12-07 23:16:41,557 - IPEvaluator - INFO - MOBILE 测试结果: {'latency': 174.0, 'loss': 0, 'available': True, 'node_id': '1249'}
2024-12-07 23:16:41,558 - IPEvaluator - INFO - MOBILE: 延迟=174.0ms, 阈值=300ms
2024-12-07 23:16:41,558 - IPEvaluator - INFO - 添加到 MOBILE 评估结果
2024-12-07 23:16:41,558 - IPEvaluator - INFO - OVERSEAS 测试结果: {'latency': 230.0, 'loss': 0, 'available': True, 'node_id': '1340'}
2024-12-07 23:16:41,558 - IPEvaluator - INFO - OVERSEAS: 延迟=230.0ms, 阈值=400ms
2024-12-07 23:16:41,558 - IPEvaluator - INFO - 添加到 OVERSEAS 评估结果
2024-12-07 23:16:41,558 - IPEvaluator - INFO - DEFAULT 线路评估: 平均延迟=185.0ms, 阈值=450ms
2024-12-07 23:16:41,558 - IPEvaluator - INFO - 添加到 DEFAULT 评估结果
2024-12-07 23:16:41,558 - IPEvaluator - INFO - 
评估IP 172.64.216.66:
2024-12-07 23:16:41,559 - IPEvaluator - INFO - 测试结果详情: {
  "ip": "172.64.216.66",
  "status": "ok",
  "tests": {}
}
2024-12-07 23:16:41,559 - IPEvaluator - INFO - TELECOM 评估结果: 1 个IP
2024-12-07 23:16:41,559 - IPEvaluator - INFO -   IP: 172.67.239.88, 延迟: 155.0ms
2024-12-07 23:16:41,559 - IPEvaluator - INFO - UNICOM 评估结果: 1 个IP
2024-12-07 23:16:41,559 - IPEvaluator - INFO -   IP: 172.67.239.88, 延迟: 181.0ms
2024-12-07 23:16:41,559 - IPEvaluator - INFO - MOBILE 评估结果: 1 个IP
2024-12-07 23:16:41,559 - IPEvaluator - INFO -   IP: 172.67.239.88, 延迟: 174.0ms
2024-12-07 23:16:41,559 - IPEvaluator - INFO - OVERSEAS 评估结果: 1 个IP
2024-12-07 23:16:41,560 - IPEvaluator - INFO -   IP: 172.67.239.88, 延迟: 230.0ms
2024-12-07 23:16:41,560 - IPEvaluator - INFO - DEFAULT 评估结果: 1 个IP
2024-12-07 23:16:41,560 - IPEvaluator - INFO -   IP: 172.67.239.88, 延迟: 185.0ms
