2024-12-06 13:23:04,518 - main - INFO - Starting IP test and DNS update process
2024-12-06 13:23:04,748 - main - INFO - IP池总数: 865788
2024-12-06 13:23:04,755 - main - INFO - 随机抽取 500 个IP进行测试
2024-12-06 13:23:05,011 - aliyunsdkcore.client - ERROR - ServerException occurred. Host:alidns.aliyuncs.com SDK-Version:2.13.29 ServerException:HTTP Status: 400 Error:InvalidDomainName.Format Invalid domain name. RequestID: 0DCBBEED-3E96-5727-AAD4-9B082B0F23BF
2024-12-06 13:23:05,125 - aliyunsdkcore.client - ERROR - ServerException occurred. Host:alidns.aliyuncs.com SDK-Version:2.13.29 ServerException:HTTP Status: 400 Error:InvalidDomainName.Format Invalid domain name. RequestID: 911D20C6-222B-5628-B476-0FBB53247670
2024-12-06 13:23:05,245 - aliyunsdkcore.client - ERROR - ServerException occurred. Host:alidns.aliyuncs.com SDK-Version:2.13.29 ServerException:HTTP Status: 400 Error:InvalidDomainName.Format Invalid domain name. RequestID: 5B983844-7D1A-524B-9CD9-C0551C75FE09
2024-12-06 13:23:05,245 - main - INFO - 开始测试 500 个IP...
2024-12-06 13:23:05,245 - IPTester - INFO - Testing IP 1/500: 104.25.215.245
2024-12-06 13:23:05,245 - IPTester - INFO - Overseas mode: True
2024-12-06 13:23:05,246 - IPTester - INFO - Selected nodes: {'TELECOM': ['1132'], 'UNICOM': ['1253'], 'MOBILE': ['1283'], 'OVERSEAS': ['1341']}
2024-12-06 13:23:05,246 - IPTester - INFO - Testing IP 104.25.215.245 with TELECOM node 1132
2024-12-06 13:25:44,268 - main - INFO - Starting IP test and DNS update process
2024-12-06 13:25:44,501 - main - INFO - IP池总数: 865788
2024-12-06 13:25:44,509 - main - INFO - 随机抽取 500 个IP进行测试
2024-12-06 13:25:44,899 - aliyunsdkcore.client - ERROR - ServerException occurred. Host:alidns.aliyuncs.com SDK-Version:2.13.29 ServerException:HTTP Status: 400 Error:InvalidDomainName.Format Invalid domain name. RequestID: 67DAA4B0-2ED3-5490-84B6-2ECA868E07E0
2024-12-06 13:25:45,011 - aliyunsdkcore.client - ERROR - ServerException occurred. Host:alidns.aliyuncs.com SDK-Version:2.13.29 ServerException:HTTP Status: 400 Error:InvalidDomainName.Format Invalid domain name. RequestID: 35B70E68-AF32-558A-93DB-18CC8678E4F9
2024-12-06 13:25:45,134 - aliyunsdkcore.client - ERROR - ServerException occurred. Host:alidns.aliyuncs.com SDK-Version:2.13.29 ServerException:HTTP Status: 400 Error:InvalidDomainName.Format Invalid domain name. RequestID: F081916F-1026-5BB2-BFBF-8290605DAF3F
2024-12-06 13:25:45,134 - main - INFO - 开始测试 500 个IP...
2024-12-06 13:25:45,135 - IPTester - INFO - Testing IP 1/500: 104.17.138.212
2024-12-06 13:25:45,135 - IPTester - INFO - Overseas mode: True
2024-12-06 13:25:45,135 - IPTester - INFO - Selected nodes: {'TELECOM': ['1214'], 'UNICOM': ['1253'], 'MOBILE': ['1294'], 'OVERSEAS': ['1345']}
2024-12-06 13:25:45,135 - IPTester - INFO - Testing IP 104.17.138.212 with TELECOM node 1214
2024-12-06 13:29:07,377 - main - INFO - Starting IP test and DNS update process
2024-12-06 13:29:07,620 - main - INFO - IP池总数: 865788
2024-12-06 13:29:07,626 - main - INFO - 随机抽取 500 个IP进行测试
2024-12-06 13:29:07,749 - aliyunsdkcore.client - ERROR - ServerException occurred. Host:alidns.aliyuncs.com SDK-Version:2.13.29 ServerException:HTTP Status: 400 Error:InvalidDomainName.Format Invalid domain name. RequestID: 4DBCCB39-AF1C-5E74-8CB9-A2A5673F168F
2024-12-06 13:29:07,866 - aliyunsdkcore.client - ERROR - ServerException occurred. Host:alidns.aliyuncs.com SDK-Version:2.13.29 ServerException:HTTP Status: 400 Error:InvalidDomainName.Format Invalid domain name. RequestID: DB842219-BE8A-5562-8E13-DA77A2CC8713
2024-12-06 13:29:07,977 - aliyunsdkcore.client - ERROR - ServerException occurred. Host:alidns.aliyuncs.com SDK-Version:2.13.29 ServerException:HTTP Status: 400 Error:InvalidDomainName.Format Invalid domain name. RequestID: 92FB2B62-EF2D-5BC9-AE9B-64B1E3726D57
2024-12-06 13:29:07,977 - main - INFO - 开始测试 500 个IP...
2024-12-06 13:29:07,977 - IPTester - INFO - Testing IP 1/500: 172.67.66.244
2024-12-06 13:29:07,977 - IPTester - INFO - Overseas mode: True
2024-12-06 13:29:07,977 - IPTester - INFO - Selected nodes: {'TELECOM': ['1135'], 'UNICOM': ['1278'], 'MOBILE': ['1250'], 'OVERSEAS': ['1343']}
2024-12-06 13:29:07,977 - IPTester - INFO - Testing IP 172.67.66.244 with TELECOM node 1135
2024-12-06 13:29:43,324 - main - INFO - Starting IP test and DNS update process
2024-12-06 13:29:43,554 - main - INFO - IP池总数: 865788
2024-12-06 13:29:43,561 - main - INFO - 随机抽取 500 个IP进行测试
2024-12-06 13:29:43,829 - aliyunsdkcore.client - ERROR - ServerException occurred. Host:alidns.aliyuncs.com SDK-Version:2.13.29 ServerException:HTTP Status: 400 Error:InvalidDomainName.Format Invalid domain name. RequestID: 72222B7E-6416-5C77-B506-99EB99DB537C
2024-12-06 13:29:43,945 - aliyunsdkcore.client - ERROR - ServerException occurred. Host:alidns.aliyuncs.com SDK-Version:2.13.29 ServerException:HTTP Status: 400 Error:InvalidDomainName.Format Invalid domain name. RequestID: 8BAC4FEF-9441-5A04-9341-C13CC599AD5D
2024-12-06 13:29:44,067 - aliyunsdkcore.client - ERROR - ServerException occurred. Host:alidns.aliyuncs.com SDK-Version:2.13.29 ServerException:HTTP Status: 400 Error:InvalidDomainName.Format Invalid domain name. RequestID: 3FB3BEE0-7851-5FDC-BB58-9566F7139A85
2024-12-06 13:29:44,196 - aliyunsdkcore.client - ERROR - ServerException occurred. Host:alidns.aliyuncs.com SDK-Version:2.13.29 ServerException:HTTP Status: 400 Error:InvalidDomainName.Format Invalid domain name. RequestID: E9FB2365-538D-5456-A336-2A8808620DD1
2024-12-06 13:29:44,308 - aliyunsdkcore.client - ERROR - ServerException occurred. Host:alidns.aliyuncs.com SDK-Version:2.13.29 ServerException:HTTP Status: 400 Error:InvalidDomainName.Format Invalid domain name. RequestID: E5523E45-1A1B-5A94-8AF2-CB0313FEE225
2024-12-06 13:29:44,421 - aliyunsdkcore.client - ERROR - ServerException occurred. Host:alidns.aliyuncs.com SDK-Version:2.13.29 ServerException:HTTP Status: 400 Error:InvalidDomainName.Format Invalid domain name. RequestID: B84DB9D8-47B3-536D-BD7F-C5EAFFA186FE
2024-12-06 13:29:44,542 - aliyunsdkcore.client - ERROR - ServerException occurred. Host:alidns.aliyuncs.com SDK-Version:2.13.29 ServerException:HTTP Status: 400 Error:InvalidDomainName.Format Invalid domain name. RequestID: 6774B231-111A-57A4-94B1-A595AB7BD64E
2024-12-06 13:29:44,728 - aliyunsdkcore.client - ERROR - ServerException occurred. Host:alidns.aliyuncs.com SDK-Version:2.13.29 ServerException:HTTP Status: 400 Error:InvalidDomainName.Format Invalid domain name. RequestID: 73F11E47-EEC2-5890-8AAC-DDE9F9E9185A
2024-12-06 13:29:44,853 - aliyunsdkcore.client - ERROR - ServerException occurred. Host:alidns.aliyuncs.com SDK-Version:2.13.29 ServerException:HTTP Status: 400 Error:InvalidDomainName.Format Invalid domain name. RequestID: 038D0D9D-7907-50D7-A7B8-944C8C7BCD45
2024-12-06 13:29:44,979 - aliyunsdkcore.client - ERROR - ServerException occurred. Host:alidns.aliyuncs.com SDK-Version:2.13.29 ServerException:HTTP Status: 400 Error:InvalidDomainName.Format Invalid domain name. RequestID: 5EC48C76-DB6B-5C2A-A088-F4CD897FBEF6
2024-12-06 13:29:45,098 - aliyunsdkcore.client - ERROR - ServerException occurred. Host:alidns.aliyuncs.com SDK-Version:2.13.29 ServerException:HTTP Status: 400 Error:InvalidDomainName.Format Invalid domain name. RequestID: 50C2E388-FCCD-5D4F-8E89-844D7937334E
2024-12-06 13:29:45,220 - aliyunsdkcore.client - ERROR - ServerException occurred. Host:alidns.aliyuncs.com SDK-Version:2.13.29 ServerException:HTTP Status: 400 Error:InvalidDomainName.Format Invalid domain name. RequestID: 3DB3966A-CFA6-54B9-B991-004C57A5927A
2024-12-06 13:29:45,340 - aliyunsdkcore.client - ERROR - ServerException occurred. Host:alidns.aliyuncs.com SDK-Version:2.13.29 ServerException:HTTP Status: 400 Error:InvalidDomainName.Format Invalid domain name. RequestID: 3884B4D3-E0CE-56AD-BCAD-F82535F84BB4
2024-12-06 13:29:45,454 - aliyunsdkcore.client - ERROR - ServerException occurred. Host:alidns.aliyuncs.com SDK-Version:2.13.29 ServerException:HTTP Status: 400 Error:InvalidDomainName.Format Invalid domain name. RequestID: 0BC577C7-A627-5FC8-A20E-7FCC1286147C
2024-12-06 13:29:45,573 - aliyunsdkcore.client - ERROR - ServerException occurred. Host:alidns.aliyuncs.com SDK-Version:2.13.29 ServerException:HTTP Status: 400 Error:InvalidDomainName.Format Invalid domain name. RequestID: 3E3C642A-AAFC-5118-97F8-63C8B9164D6E
2024-12-06 13:29:45,687 - aliyunsdkcore.client - ERROR - ServerException occurred. Host:alidns.aliyuncs.com SDK-Version:2.13.29 ServerException:HTTP Status: 400 Error:InvalidDomainName.Format Invalid domain name. RequestID: 33D0796A-0B39-52EB-B12E-554B12F2D8D5
2024-12-06 13:29:45,806 - aliyunsdkcore.client - ERROR - ServerException occurred. Host:alidns.aliyuncs.com SDK-Version:2.13.29 ServerException:HTTP Status: 400 Error:InvalidDomainName.Format Invalid domain name. RequestID: 029C7FFB-2C30-5B8C-B750-98F1906C03B0
2024-12-06 13:29:45,929 - aliyunsdkcore.client - ERROR - ServerException occurred. Host:alidns.aliyuncs.com SDK-Version:2.13.29 ServerException:HTTP Status: 400 Error:InvalidDomainName.Format Invalid domain name. RequestID: 3D0F17A1-C85F-5195-8F9F-E3066C4EAFE8
2024-12-06 13:29:46,042 - aliyunsdkcore.client - ERROR - ServerException occurred. Host:alidns.aliyuncs.com SDK-Version:2.13.29 ServerException:HTTP Status: 400 Error:InvalidDomainName.Format Invalid domain name. RequestID: 59020D62-9F57-54A5-9EE3-BCCD1E992C5E
2024-12-06 13:29:46,171 - aliyunsdkcore.client - ERROR - ServerException occurred. Host:alidns.aliyuncs.com SDK-Version:2.13.29 ServerException:HTTP Status: 400 Error:InvalidDomainName.Format Invalid domain name. RequestID: 9694CBD1-9B79-5967-81BB-9515A1CD4B5A
2024-12-06 13:29:46,171 - main - INFO - 开始测试 500 个IP...
2024-12-06 13:29:46,171 - IPTester - INFO - Testing IP 1/500: 104.19.86.249
2024-12-06 13:29:46,172 - IPTester - INFO - Overseas mode: True
2024-12-06 13:29:46,172 - IPTester - INFO - Selected nodes: {'TELECOM': ['1312'], 'UNICOM': ['1253'], 'MOBILE': ['1250'], 'OVERSEAS': ['1340']}
2024-12-06 13:29:46,172 - IPTester - INFO - Testing IP 104.19.86.249 with TELECOM node 1312
2024-12-06 13:34:11,724 - main - INFO - Starting IP test and DNS update process
2024-12-06 13:34:11,960 - main - INFO - IP池总数: 865788
2024-12-06 13:34:11,967 - main - INFO - 随机抽取 500 个IP进行测试
2024-12-06 13:34:12,274 - main - INFO - 开始测试 500 个IP...
2024-12-06 13:34:12,274 - IPTester - INFO - Testing IP 1/500: 172.67.244.255
2024-12-06 13:34:12,275 - IPTester - INFO - Overseas mode: True
2024-12-06 13:34:12,275 - IPTester - INFO - Selected nodes: {'TELECOM': ['1304'], 'UNICOM': ['1254'], 'MOBILE': ['1283'], 'OVERSEAS': ['1345']}
2024-12-06 13:34:12,275 - IPTester - INFO - Testing IP 172.67.244.255 with TELECOM node 1304
